[2m2022-11-22 00:00:41.414[0;39m [32m INFO[0;39m [35m5312[0;39m [2m---[0;39m [2m[nio-9999-exec-7][0;39m [36mc.ssafy.vue.controller.BoardController  [0;39m [2m:[0;39m listTodo - 호출
[2m2022-11-22 00:01:26.566[0;39m [32m INFO[0;39m [35m5312[0;39m [2m---[0;39m [2m[nio-9999-exec-9][0;39m [36mc.ssafy.vue.controller.BoardController  [0;39m [2m:[0;39m listTodo - 호출
[2m2022-11-22 00:01:31.269[0;39m [32m INFO[0;39m [35m5312[0;39m [2m---[0;39m [2m[io-9999-exec-10][0;39m [36mc.ssafy.vue.controller.BoardController  [0;39m [2m:[0;39m writeTodo - 호출
[2m2022-11-22 00:02:39.216[0;39m [32m INFO[0;39m [35m5312[0;39m [2m---[0;39m [2m[nio-9999-exec-2][0;39m [36mc.ssafy.vue.controller.BoardController  [0;39m [2m:[0;39m listTodo - 호출
[2m2022-11-22 00:02:43.778[0;39m [32m INFO[0;39m [35m5312[0;39m [2m---[0;39m [2m[nio-9999-exec-3][0;39m [36mc.ssafy.vue.controller.BoardController  [0;39m [2m:[0;39m writeTodo - 호출
[2m2022-11-22 00:05:32.367[0;39m [32m INFO[0;39m [35m5312[0;39m [2m---[0;39m [2m[nio-9999-exec-5][0;39m [36mc.ssafy.vue.controller.BoardController  [0;39m [2m:[0;39m writeTodo - 호출
[2m2022-11-22 00:06:20.413[0;39m [32m INFO[0;39m [35m5312[0;39m [2m---[0;39m [2m[n(22)-127.0.0.1][0;39m [36minMXBeanRegistrar$SpringApplicationAdmin[0;39m [2m:[0;39m Application shutdown requested.
[2m2022-11-22 00:06:20.485[0;39m [33m WARN[0;39m [35m5312[0;39m [2m---[0;39m [2m[n(22)-127.0.0.1][0;39m [36mo.a.c.loader.WebappClassLoaderBase      [0;39m [2m:[0;39m The web application [vue] appears to have started a thread named [HikariPool-1 housekeeper] but has failed to stop it. This is very likely to create a memory leak. Stack trace of thread:
 java.base@17.0.4.1/jdk.internal.misc.Unsafe.park(Native Method)
 java.base@17.0.4.1/java.util.concurrent.locks.LockSupport.parkNanos(LockSupport.java:252)
 java.base@17.0.4.1/java.util.concurrent.locks.AbstractQueuedSynchronizer$ConditionObject.awaitNanos(AbstractQueuedSynchronizer.java:1672)
 java.base@17.0.4.1/java.util.concurrent.ScheduledThreadPoolExecutor$DelayedWorkQueue.take(ScheduledThreadPoolExecutor.java:1182)
 java.base@17.0.4.1/java.util.concurrent.ScheduledThreadPoolExecutor$DelayedWorkQueue.take(ScheduledThreadPoolExecutor.java:899)
 java.base@17.0.4.1/java.util.concurrent.ThreadPoolExecutor.getTask(ThreadPoolExecutor.java:1062)
 java.base@17.0.4.1/java.util.concurrent.ThreadPoolExecutor.runWorker(ThreadPoolExecutor.java:1122)
 java.base@17.0.4.1/java.util.concurrent.ThreadPoolExecutor$Worker.run(ThreadPoolExecutor.java:635)
 java.base@17.0.4.1/java.lang.Thread.run(Thread.java:833)
[2m2022-11-22 00:06:27.058[0;39m [32m INFO[0;39m [35m17388[0;39m [2m---[0;39m [2m[           main][0;39m [36mo.s.b.w.embedded.tomcat.TomcatWebServer [0;39m [2m:[0;39m Tomcat initialized with port(s): 9999 (http)
[2m2022-11-22 00:06:27.302[0;39m [32m INFO[0;39m [35m17388[0;39m [2m---[0;39m [2m[           main][0;39m [36mw.s.c.ServletWebServerApplicationContext[0;39m [2m:[0;39m Root WebApplicationContext: initialization completed in 2412 ms
[2m2022-11-22 00:06:28.762[0;39m [32m INFO[0;39m [35m17388[0;39m [2m---[0;39m [2m[           main][0;39m [36mo.s.b.w.embedded.tomcat.TomcatWebServer [0;39m [2m:[0;39m Tomcat started on port(s): 9999 (http) with context path '/vue'
[2m2022-11-22 00:07:02.652[0;39m [32m INFO[0;39m [35m17388[0;39m [2m---[0;39m [2m[nio-9999-exec-1][0;39m [36mo.s.web.servlet.DispatcherServlet       [0;39m [2m:[0;39m Initializing Servlet 'dispatcherServlet'
[2m2022-11-22 00:07:02.657[0;39m [32m INFO[0;39m [35m17388[0;39m [2m---[0;39m [2m[nio-9999-exec-1][0;39m [36mo.s.web.servlet.DispatcherServlet       [0;39m [2m:[0;39m Completed initialization in 4 ms
[2m2022-11-22 00:07:02.854[0;39m [32m INFO[0;39m [35m17388[0;39m [2m---[0;39m [2m[nio-9999-exec-1][0;39m [36mc.ssafy.vue.controller.BoardController  [0;39m [2m:[0;39m listTodo - 호출
[2m2022-11-22 00:07:07.105[0;39m [32m INFO[0;39m [35m17388[0;39m [2m---[0;39m [2m[nio-9999-exec-2][0;39m [36mc.ssafy.vue.controller.BoardController  [0;39m [2m:[0;39m writeTodo - 호출
[2m2022-11-22 00:09:21.627[0;39m [32m INFO[0;39m [35m17388[0;39m [2m---[0;39m [2m[n(10)-127.0.0.1][0;39m [36minMXBeanRegistrar$SpringApplicationAdmin[0;39m [2m:[0;39m Application shutdown requested.
[2m2022-11-22 00:09:21.689[0;39m [33m WARN[0;39m [35m17388[0;39m [2m---[0;39m [2m[n(10)-127.0.0.1][0;39m [36mo.a.c.loader.WebappClassLoaderBase      [0;39m [2m:[0;39m The web application [vue] appears to have started a thread named [HikariPool-1 housekeeper] but has failed to stop it. This is very likely to create a memory leak. Stack trace of thread:
 java.base@17.0.4.1/jdk.internal.misc.Unsafe.park(Native Method)
 java.base@17.0.4.1/java.util.concurrent.locks.LockSupport.parkNanos(LockSupport.java:252)
 java.base@17.0.4.1/java.util.concurrent.locks.AbstractQueuedSynchronizer$ConditionObject.awaitNanos(AbstractQueuedSynchronizer.java:1672)
 java.base@17.0.4.1/java.util.concurrent.ScheduledThreadPoolExecutor$DelayedWorkQueue.take(ScheduledThreadPoolExecutor.java:1182)
 java.base@17.0.4.1/java.util.concurrent.ScheduledThreadPoolExecutor$DelayedWorkQueue.take(ScheduledThreadPoolExecutor.java:899)
 java.base@17.0.4.1/java.util.concurrent.ThreadPoolExecutor.getTask(ThreadPoolExecutor.java:1062)
 java.base@17.0.4.1/java.util.concurrent.ThreadPoolExecutor.runWorker(ThreadPoolExecutor.java:1122)
 java.base@17.0.4.1/java.util.concurrent.ThreadPoolExecutor$Worker.run(ThreadPoolExecutor.java:635)
 java.base@17.0.4.1/java.lang.Thread.run(Thread.java:833)
[2m2022-11-22 00:09:28.042[0;39m [32m INFO[0;39m [35m24492[0;39m [2m---[0;39m [2m[           main][0;39m [36mo.s.b.w.embedded.tomcat.TomcatWebServer [0;39m [2m:[0;39m Tomcat initialized with port(s): 9999 (http)
[2m2022-11-22 00:09:28.252[0;39m [32m INFO[0;39m [35m24492[0;39m [2m---[0;39m [2m[           main][0;39m [36mw.s.c.ServletWebServerApplicationContext[0;39m [2m:[0;39m Root WebApplicationContext: initialization completed in 2483 ms
[2m2022-11-22 00:09:29.693[0;39m [32m INFO[0;39m [35m24492[0;39m [2m---[0;39m [2m[           main][0;39m [36mo.s.b.w.embedded.tomcat.TomcatWebServer [0;39m [2m:[0;39m Tomcat started on port(s): 9999 (http) with context path '/vue'
[2m2022-11-22 00:09:45.932[0;39m [32m INFO[0;39m [35m24492[0;39m [2m---[0;39m [2m[nio-9999-exec-1][0;39m [36mo.s.web.servlet.DispatcherServlet       [0;39m [2m:[0;39m Initializing Servlet 'dispatcherServlet'
[2m2022-11-22 00:09:45.936[0;39m [32m INFO[0;39m [35m24492[0;39m [2m---[0;39m [2m[nio-9999-exec-1][0;39m [36mo.s.web.servlet.DispatcherServlet       [0;39m [2m:[0;39m Completed initialization in 3 ms
[2m2022-11-22 00:09:46.078[0;39m [32m INFO[0;39m [35m24492[0;39m [2m---[0;39m [2m[nio-9999-exec-1][0;39m [36mc.ssafy.vue.controller.BoardController  [0;39m [2m:[0;39m listTodo - 호출
[2m2022-11-22 00:09:51.032[0;39m [32m INFO[0;39m [35m24492[0;39m [2m---[0;39m [2m[nio-9999-exec-2][0;39m [36mc.ssafy.vue.controller.BoardController  [0;39m [2m:[0;39m writeTodo - 호출
[2m2022-11-22 00:13:23.294[0;39m [32m INFO[0;39m [35m24492[0;39m [2m---[0;39m [2m[nio-9999-exec-4][0;39m [36mc.ssafy.vue.controller.BoardController  [0;39m [2m:[0;39m listTodo - 호출
[2m2022-11-22 00:13:28.685[0;39m [32m INFO[0;39m [35m24492[0;39m [2m---[0;39m [2m[nio-9999-exec-5][0;39m [36mc.ssafy.vue.controller.BoardController  [0;39m [2m:[0;39m writeTodo - 호출
[2m2022-11-22 00:14:49.600[0;39m [32m INFO[0;39m [35m24492[0;39m [2m---[0;39m [2m[nio-9999-exec-7][0;39m [36mc.ssafy.vue.controller.BoardController  [0;39m [2m:[0;39m listTodo - 호출
[2m2022-11-22 00:14:52.410[0;39m [32m INFO[0;39m [35m24492[0;39m [2m---[0;39m [2m[nio-9999-exec-9][0;39m [36mc.ssafy.vue.controller.BoardController  [0;39m [2m:[0;39m writeTodo - 호출
[2m2022-11-22 00:16:22.496[0;39m [32m INFO[0;39m [35m24492[0;39m [2m---[0;39m [2m[nio-9999-exec-1][0;39m [36mc.ssafy.vue.controller.BoardController  [0;39m [2m:[0;39m listTodo - 호출
[2m2022-11-22 00:16:25.919[0;39m [32m INFO[0;39m [35m24492[0;39m [2m---[0;39m [2m[nio-9999-exec-3][0;39m [36mc.ssafy.vue.controller.BoardController  [0;39m [2m:[0;39m writeTodo - 호출
[2m2022-11-22 00:17:05.656[0;39m [32m INFO[0;39m [35m24492[0;39m [2m---[0;39m [2m[nio-9999-exec-4][0;39m [36mc.ssafy.vue.controller.BoardController  [0;39m [2m:[0;39m writeTodo - 호출
[2m2022-11-22 00:17:15.919[0;39m [32m INFO[0;39m [35m24492[0;39m [2m---[0;39m [2m[nio-9999-exec-5][0;39m [36mc.ssafy.vue.controller.BoardController  [0;39m [2m:[0;39m writeTodo - 호출
[2m2022-11-22 00:21:23.468[0;39m [32m INFO[0;39m [35m24492[0;39m [2m---[0;39m [2m[nio-9999-exec-7][0;39m [36mc.ssafy.vue.controller.BoardController  [0;39m [2m:[0;39m listTodo - 호출
[2m2022-11-22 00:21:29.422[0;39m [32m INFO[0;39m [35m24492[0;39m [2m---[0;39m [2m[nio-9999-exec-9][0;39m [36mc.ssafy.vue.controller.BoardController  [0;39m [2m:[0;39m writeTodo - 호출
[2m2022-11-22 00:24:43.298[0;39m [32m INFO[0;39m [35m24492[0;39m [2m---[0;39m [2m[n(22)-127.0.0.1][0;39m [36minMXBeanRegistrar$SpringApplicationAdmin[0;39m [2m:[0;39m Application shutdown requested.
[2m2022-11-22 00:24:43.377[0;39m [33m WARN[0;39m [35m24492[0;39m [2m---[0;39m [2m[n(22)-127.0.0.1][0;39m [36mo.a.c.loader.WebappClassLoaderBase      [0;39m [2m:[0;39m The web application [vue] appears to have started a thread named [HikariPool-1 housekeeper] but has failed to stop it. This is very likely to create a memory leak. Stack trace of thread:
 java.base@17.0.4.1/jdk.internal.misc.Unsafe.park(Native Method)
 java.base@17.0.4.1/java.util.concurrent.locks.LockSupport.parkNanos(LockSupport.java:252)
 java.base@17.0.4.1/java.util.concurrent.locks.AbstractQueuedSynchronizer$ConditionObject.awaitNanos(AbstractQueuedSynchronizer.java:1672)
 java.base@17.0.4.1/java.util.concurrent.ScheduledThreadPoolExecutor$DelayedWorkQueue.take(ScheduledThreadPoolExecutor.java:1182)
 java.base@17.0.4.1/java.util.concurrent.ScheduledThreadPoolExecutor$DelayedWorkQueue.take(ScheduledThreadPoolExecutor.java:899)
 java.base@17.0.4.1/java.util.concurrent.ThreadPoolExecutor.getTask(ThreadPoolExecutor.java:1062)
 java.base@17.0.4.1/java.util.concurrent.ThreadPoolExecutor.runWorker(ThreadPoolExecutor.java:1122)
 java.base@17.0.4.1/java.util.concurrent.ThreadPoolExecutor$Worker.run(ThreadPoolExecutor.java:635)
 java.base@17.0.4.1/java.lang.Thread.run(Thread.java:833)
[2m2022-11-22 00:24:50.534[0;39m [32m INFO[0;39m [35m3160[0;39m [2m---[0;39m [2m[           main][0;39m [36mo.s.b.w.embedded.tomcat.TomcatWebServer [0;39m [2m:[0;39m Tomcat initialized with port(s): 9999 (http)
[2m2022-11-22 00:24:50.754[0;39m [32m INFO[0;39m [35m3160[0;39m [2m---[0;39m [2m[           main][0;39m [36mw.s.c.ServletWebServerApplicationContext[0;39m [2m:[0;39m Root WebApplicationContext: initialization completed in 2281 ms
[2m2022-11-22 00:24:52.054[0;39m [32m INFO[0;39m [35m3160[0;39m [2m---[0;39m [2m[           main][0;39m [36mo.s.b.w.embedded.tomcat.TomcatWebServer [0;39m [2m:[0;39m Tomcat started on port(s): 9999 (http) with context path '/vue'
[2m2022-11-22 00:25:12.295[0;39m [32m INFO[0;39m [35m3160[0;39m [2m---[0;39m [2m[nio-9999-exec-1][0;39m [36mo.s.web.servlet.DispatcherServlet       [0;39m [2m:[0;39m Initializing Servlet 'dispatcherServlet'
[2m2022-11-22 00:25:12.298[0;39m [32m INFO[0;39m [35m3160[0;39m [2m---[0;39m [2m[nio-9999-exec-1][0;39m [36mo.s.web.servlet.DispatcherServlet       [0;39m [2m:[0;39m Completed initialization in 2 ms
[2m2022-11-22 00:25:12.412[0;39m [32m INFO[0;39m [35m3160[0;39m [2m---[0;39m [2m[nio-9999-exec-1][0;39m [36mc.ssafy.vue.controller.BoardController  [0;39m [2m:[0;39m listTodo - 호출
[2m2022-11-22 00:25:43.445[0;39m [32m INFO[0;39m [35m3160[0;39m [2m---[0;39m [2m[nio-9999-exec-3][0;39m [36mc.ssafy.vue.controller.BoardController  [0;39m [2m:[0;39m listTodo - 호출
[2m2022-11-22 00:26:50.871[0;39m [32m INFO[0;39m [35m3160[0;39m [2m---[0;39m [2m[on(7)-127.0.0.1][0;39m [36minMXBeanRegistrar$SpringApplicationAdmin[0;39m [2m:[0;39m Application shutdown requested.
[2m2022-11-22 00:26:50.916[0;39m [33m WARN[0;39m [35m3160[0;39m [2m---[0;39m [2m[on(7)-127.0.0.1][0;39m [36mo.a.c.loader.WebappClassLoaderBase      [0;39m [2m:[0;39m The web application [vue] appears to have started a thread named [HikariPool-1 housekeeper] but has failed to stop it. This is very likely to create a memory leak. Stack trace of thread:
 java.base@17.0.4.1/jdk.internal.misc.Unsafe.park(Native Method)
 java.base@17.0.4.1/java.util.concurrent.locks.LockSupport.parkNanos(LockSupport.java:252)
 java.base@17.0.4.1/java.util.concurrent.locks.AbstractQueuedSynchronizer$ConditionObject.awaitNanos(AbstractQueuedSynchronizer.java:1672)
 java.base@17.0.4.1/java.util.concurrent.ScheduledThreadPoolExecutor$DelayedWorkQueue.take(ScheduledThreadPoolExecutor.java:1182)
 java.base@17.0.4.1/java.util.concurrent.ScheduledThreadPoolExecutor$DelayedWorkQueue.take(ScheduledThreadPoolExecutor.java:899)
 java.base@17.0.4.1/java.util.concurrent.ThreadPoolExecutor.getTask(ThreadPoolExecutor.java:1062)
 java.base@17.0.4.1/java.util.concurrent.ThreadPoolExecutor.runWorker(ThreadPoolExecutor.java:1122)
 java.base@17.0.4.1/java.util.concurrent.ThreadPoolExecutor$Worker.run(ThreadPoolExecutor.java:635)
 java.base@17.0.4.1/java.lang.Thread.run(Thread.java:833)
[2m2022-11-22 00:26:56.687[0;39m [32m INFO[0;39m [35m16148[0;39m [2m---[0;39m [2m[           main][0;39m [36mo.s.b.w.embedded.tomcat.TomcatWebServer [0;39m [2m:[0;39m Tomcat initialized with port(s): 9999 (http)
[2m2022-11-22 00:26:56.899[0;39m [32m INFO[0;39m [35m16148[0;39m [2m---[0;39m [2m[           main][0;39m [36mw.s.c.ServletWebServerApplicationContext[0;39m [2m:[0;39m Root WebApplicationContext: initialization completed in 2066 ms
[2m2022-11-22 00:26:58.181[0;39m [32m INFO[0;39m [35m16148[0;39m [2m---[0;39m [2m[           main][0;39m [36mo.s.b.w.embedded.tomcat.TomcatWebServer [0;39m [2m:[0;39m Tomcat started on port(s): 9999 (http) with context path '/vue'
[2m2022-11-22 00:27:05.704[0;39m [32m INFO[0;39m [35m16148[0;39m [2m---[0;39m [2m[nio-9999-exec-1][0;39m [36mo.s.web.servlet.DispatcherServlet       [0;39m [2m:[0;39m Initializing Servlet 'dispatcherServlet'
[2m2022-11-22 00:27:05.707[0;39m [32m INFO[0;39m [35m16148[0;39m [2m---[0;39m [2m[nio-9999-exec-1][0;39m [36mo.s.web.servlet.DispatcherServlet       [0;39m [2m:[0;39m Completed initialization in 2 ms
[2m2022-11-22 00:27:05.801[0;39m [32m INFO[0;39m [35m16148[0;39m [2m---[0;39m [2m[nio-9999-exec-1][0;39m [36mc.ssafy.vue.controller.BoardController  [0;39m [2m:[0;39m listTodo - 호출
[2m2022-11-22 00:27:17.809[0;39m [32mDEBUG[0;39m [35m16148[0;39m [2m---[0;39m [2m[nio-9999-exec-4][0;39m [36mc.ssafy.vue.controller.MemberController [0;39m [2m:[0;39m 로그인 accessToken 정보 : eyJ0eXAiOiJKV1QiLCJyZWdEYXRlIjoxNjY5MDQ0NDM3NzEwLCJhbGciOiJIUzI1NiJ9.eyJleHAiOjE2NjkwNDQ0OTcsInN1YiI6ImFjY2Vzcy10b2tlbiIsInVzZXJpZCI6InNzYWZ5In0.c7QdmzuW-onutFzfcM2txA09VvC-7MzcY2UyycN900w
[2m2022-11-22 00:27:17.813[0;39m [32mDEBUG[0;39m [35m16148[0;39m [2m---[0;39m [2m[nio-9999-exec-4][0;39m [36mc.ssafy.vue.controller.MemberController [0;39m [2m:[0;39m 로그인 refreshToken 정보 : eyJ0eXAiOiJKV1QiLCJyZWdEYXRlIjoxNjY5MDQ0NDM3Nzk3LCJhbGciOiJIUzI1NiJ9.eyJleHAiOjE2NzAyNTQwMzcsInN1YiI6InJlZnJlc2gtdG9rZW4iLCJ1c2VyaWQiOiJzc2FmeSJ9.pzfRiYLoW05MdSTflR8kn6t0Smva1r2FN8HEVDF1sUw
[2m2022-11-22 00:27:17.889[0;39m [32m INFO[0;39m [35m16148[0;39m [2m---[0;39m [2m[nio-9999-exec-6][0;39m [36mc.ssafy.vue.controller.MemberController [0;39m [2m:[0;39m 사용 가능한 토큰!!!
[2m2022-11-22 00:27:21.832[0;39m [32m INFO[0;39m [35m16148[0;39m [2m---[0;39m [2m[nio-9999-exec-8][0;39m [36mc.ssafy.vue.controller.BoardController  [0;39m [2m:[0;39m listTodo - 호출
[2m2022-11-22 00:30:36.206[0;39m [32m INFO[0;39m [35m16148[0;39m [2m---[0;39m [2m[io-9999-exec-10][0;39m [36mc.ssafy.vue.controller.BoardController  [0;39m [2m:[0;39m listTodo - 호출
[2m2022-11-22 00:31:40.913[0;39m [32m INFO[0;39m [35m16148[0;39m [2m---[0;39m [2m[nio-9999-exec-3][0;39m [36mc.ssafy.vue.controller.BoardController  [0;39m [2m:[0;39m writeTodo - 호출
[2m2022-11-22 00:39:24.936[0;39m [32m INFO[0;39m [35m16148[0;39m [2m---[0;39m [2m[n(22)-127.0.0.1][0;39m [36minMXBeanRegistrar$SpringApplicationAdmin[0;39m [2m:[0;39m Application shutdown requested.
[2m2022-11-22 00:39:25.033[0;39m [33m WARN[0;39m [35m16148[0;39m [2m---[0;39m [2m[n(22)-127.0.0.1][0;39m [36mo.a.c.loader.WebappClassLoaderBase      [0;39m [2m:[0;39m The web application [vue] appears to have started a thread named [HikariPool-1 housekeeper] but has failed to stop it. This is very likely to create a memory leak. Stack trace of thread:
 java.base@17.0.4.1/jdk.internal.misc.Unsafe.park(Native Method)
 java.base@17.0.4.1/java.util.concurrent.locks.LockSupport.parkNanos(LockSupport.java:252)
 java.base@17.0.4.1/java.util.concurrent.locks.AbstractQueuedSynchronizer$ConditionObject.awaitNanos(AbstractQueuedSynchronizer.java:1672)
 java.base@17.0.4.1/java.util.concurrent.ScheduledThreadPoolExecutor$DelayedWorkQueue.take(ScheduledThreadPoolExecutor.java:1182)
 java.base@17.0.4.1/java.util.concurrent.ScheduledThreadPoolExecutor$DelayedWorkQueue.take(ScheduledThreadPoolExecutor.java:899)
 java.base@17.0.4.1/java.util.concurrent.ThreadPoolExecutor.getTask(ThreadPoolExecutor.java:1062)
 java.base@17.0.4.1/java.util.concurrent.ThreadPoolExecutor.runWorker(ThreadPoolExecutor.java:1122)
 java.base@17.0.4.1/java.util.concurrent.ThreadPoolExecutor$Worker.run(ThreadPoolExecutor.java:635)
 java.base@17.0.4.1/java.lang.Thread.run(Thread.java:833)
[2m2022-11-22 00:39:31.386[0;39m [32m INFO[0;39m [35m4964[0;39m [2m---[0;39m [2m[           main][0;39m [36mo.s.b.w.embedded.tomcat.TomcatWebServer [0;39m [2m:[0;39m Tomcat initialized with port(s): 9999 (http)
[2m2022-11-22 00:39:31.621[0;39m [32m INFO[0;39m [35m4964[0;39m [2m---[0;39m [2m[           main][0;39m [36mw.s.c.ServletWebServerApplicationContext[0;39m [2m:[0;39m Root WebApplicationContext: initialization completed in 2262 ms
[2m2022-11-22 00:39:33.000[0;39m [32m INFO[0;39m [35m4964[0;39m [2m---[0;39m [2m[           main][0;39m [36mo.s.b.w.embedded.tomcat.TomcatWebServer [0;39m [2m:[0;39m Tomcat started on port(s): 9999 (http) with context path '/vue'
[2m2022-11-22 00:39:57.721[0;39m [32m INFO[0;39m [35m4964[0;39m [2m---[0;39m [2m[nio-9999-exec-1][0;39m [36mo.s.web.servlet.DispatcherServlet       [0;39m [2m:[0;39m Initializing Servlet 'dispatcherServlet'
[2m2022-11-22 00:39:57.728[0;39m [32m INFO[0;39m [35m4964[0;39m [2m---[0;39m [2m[nio-9999-exec-1][0;39m [36mo.s.web.servlet.DispatcherServlet       [0;39m [2m:[0;39m Completed initialization in 7 ms
[2m2022-11-22 00:39:58.115[0;39m [32m INFO[0;39m [35m4964[0;39m [2m---[0;39m [2m[nio-9999-exec-1][0;39m [36mc.ssafy.vue.controller.BoardController  [0;39m [2m:[0;39m listTodo - 호출
[2m2022-11-22 00:40:08.480[0;39m [32m INFO[0;39m [35m4964[0;39m [2m---[0;39m [2m[nio-9999-exec-3][0;39m [36mc.ssafy.vue.controller.BoardController  [0;39m [2m:[0;39m writeTodo - 호출
[2m2022-11-22 00:46:52.444[0;39m [32m INFO[0;39m [35m4964[0;39m [2m---[0;39m [2m[nio-9999-exec-5][0;39m [36mc.ssafy.vue.controller.BoardController  [0;39m [2m:[0;39m writeTodo - 호출
[2m2022-11-22 00:46:52.995[0;39m [31mERROR[0;39m [35m4964[0;39m [2m---[0;39m [2m[nio-9999-exec-5][0;39m [36mo.a.c.c.C.[.[.[.[dispatcherServlet]     [0;39m [2m:[0;39m Servlet.service() for servlet [dispatcherServlet] in context with path [/vue] threw exception [Request processing failed; nested exception is org.springframework.dao.DataIntegrityViolationException: 
### Error updating database.  Cause: java.sql.SQLIntegrityConstraintViolationException: Cannot add or update a child row: a foreign key constraint fails (`ssafyvue`.`todo`, CONSTRAINT `todo_to_member` FOREIGN KEY (`userid`) REFERENCES `ssafy_member` (`userid`) ON DELETE RESTRICT ON UPDATE RESTRICT)
### The error may exist in file [C:\Users\Me\Downloads\serve\VueApi\target\classes\mappers\todo.xml]
### The error may involve com.ssafy.vue.model.mapper.TodoMapper.writeTodo-Inline
### The error occurred while setting parameters
### SQL: insert into todo (userid, content, checked)   values (?, ?, 0)
### Cause: java.sql.SQLIntegrityConstraintViolationException: Cannot add or update a child row: a foreign key constraint fails (`ssafyvue`.`todo`, CONSTRAINT `todo_to_member` FOREIGN KEY (`userid`) REFERENCES `ssafy_member` (`userid`) ON DELETE RESTRICT ON UPDATE RESTRICT)
; Cannot add or update a child row: a foreign key constraint fails (`ssafyvue`.`todo`, CONSTRAINT `todo_to_member` FOREIGN KEY (`userid`) REFERENCES `ssafy_member` (`userid`) ON DELETE RESTRICT ON UPDATE RESTRICT); nested exception is java.sql.SQLIntegrityConstraintViolationException: Cannot add or update a child row: a foreign key constraint fails (`ssafyvue`.`todo`, CONSTRAINT `todo_to_member` FOREIGN KEY (`userid`) REFERENCES `ssafy_member` (`userid`) ON DELETE RESTRICT ON UPDATE RESTRICT)] with root cause

java.sql.SQLIntegrityConstraintViolationException: Cannot add or update a child row: a foreign key constraint fails (`ssafyvue`.`todo`, CONSTRAINT `todo_to_member` FOREIGN KEY (`userid`) REFERENCES `ssafy_member` (`userid`) ON DELETE RESTRICT ON UPDATE RESTRICT)
	at com.mysql.cj.jdbc.exceptions.SQLError.createSQLException(SQLError.java:117)
	at com.mysql.cj.jdbc.exceptions.SQLExceptionsMapping.translateException(SQLExceptionsMapping.java:122)
	at com.mysql.cj.jdbc.ClientPreparedStatement.executeInternal(ClientPreparedStatement.java:916)
	at com.mysql.cj.jdbc.ClientPreparedStatement.execute(ClientPreparedStatement.java:354)
	at com.zaxxer.hikari.pool.ProxyPreparedStatement.execute(ProxyPreparedStatement.java:44)
	at com.zaxxer.hikari.pool.HikariProxyPreparedStatement.execute(HikariProxyPreparedStatement.java)
	at org.apache.ibatis.executor.statement.PreparedStatementHandler.update(PreparedStatementHandler.java:47)
	at org.apache.ibatis.executor.statement.RoutingStatementHandler.update(RoutingStatementHandler.java:74)
	at org.apache.ibatis.executor.SimpleExecutor.doUpdate(SimpleExecutor.java:50)
	at org.apache.ibatis.executor.BaseExecutor.update(BaseExecutor.java:117)
	at org.apache.ibatis.executor.CachingExecutor.update(CachingExecutor.java:76)
	at org.apache.ibatis.session.defaults.DefaultSqlSession.update(DefaultSqlSession.java:194)
	at org.apache.ibatis.session.defaults.DefaultSqlSession.insert(DefaultSqlSession.java:181)
	at java.base/jdk.internal.reflect.NativeMethodAccessorImpl.invoke0(Native Method)
	at java.base/jdk.internal.reflect.NativeMethodAccessorImpl.invoke(NativeMethodAccessorImpl.java:77)
	at java.base/jdk.internal.reflect.DelegatingMethodAccessorImpl.invoke(DelegatingMethodAccessorImpl.java:43)
	at java.base/java.lang.reflect.Method.invoke(Method.java:568)
	at org.mybatis.spring.SqlSessionTemplate$SqlSessionInterceptor.invoke(SqlSessionTemplate.java:427)
	at jdk.proxy2/jdk.proxy2.$Proxy77.insert(Unknown Source)
	at org.mybatis.spring.SqlSessionTemplate.insert(SqlSessionTemplate.java:272)
	at org.apache.ibatis.binding.MapperMethod.execute(MapperMethod.java:62)
	at org.apache.ibatis.binding.MapperProxy$PlainMethodInvoker.invoke(MapperProxy.java:145)
	at org.apache.ibatis.binding.MapperProxy.invoke(MapperProxy.java:86)
	at jdk.proxy2/jdk.proxy2.$Proxy100.writeTodo(Unknown Source)
	at com.ssafy.vue.model.service.TodoServiceImpl.writeTodo(TodoServiceImpl.java:26)
	at com.ssafy.vue.model.service.TodoServiceImpl$$FastClassBySpringCGLIB$$ee6b0e82.invoke(<generated>)
	at org.springframework.cglib.proxy.MethodProxy.invoke(MethodProxy.java:218)
	at org.springframework.aop.framework.CglibAopProxy.invokeMethod(CglibAopProxy.java:386)
	at org.springframework.aop.framework.CglibAopProxy.access$000(CglibAopProxy.java:85)
	at org.springframework.aop.framework.CglibAopProxy$DynamicAdvisedInterceptor.intercept(CglibAopProxy.java:704)
	at com.ssafy.vue.model.service.TodoServiceImpl$$EnhancerBySpringCGLIB$$ae374eb2.writeTodo(<generated>)
	at com.ssafy.vue.controller.TodoController.writeTodo(TodoController.java:44)
	at java.base/jdk.internal.reflect.NativeMethodAccessorImpl.invoke0(Native Method)
	at java.base/jdk.internal.reflect.NativeMethodAccessorImpl.invoke(NativeMethodAccessorImpl.java:77)
	at java.base/jdk.internal.reflect.DelegatingMethodAccessorImpl.invoke(DelegatingMethodAccessorImpl.java:43)
	at java.base/java.lang.reflect.Method.invoke(Method.java:568)
	at org.springframework.web.method.support.InvocableHandlerMethod.doInvoke(InvocableHandlerMethod.java:205)
	at org.springframework.web.method.support.InvocableHandlerMethod.invokeForRequest(InvocableHandlerMethod.java:150)
	at org.springframework.web.servlet.mvc.method.annotation.ServletInvocableHandlerMethod.invokeAndHandle(ServletInvocableHandlerMethod.java:117)
	at org.springframework.web.servlet.mvc.method.annotation.RequestMappingHandlerAdapter.invokeHandlerMethod(RequestMappingHandlerAdapter.java:895)
	at org.springframework.web.servlet.mvc.method.annotation.RequestMappingHandlerAdapter.handleInternal(RequestMappingHandlerAdapter.java:808)
	at org.springframework.web.servlet.mvc.method.AbstractHandlerMethodAdapter.handle(AbstractHandlerMethodAdapter.java:87)
	at org.springframework.web.servlet.DispatcherServlet.doDispatch(DispatcherServlet.java:1071)
	at org.springframework.web.servlet.DispatcherServlet.doService(DispatcherServlet.java:964)
	at org.springframework.web.servlet.FrameworkServlet.processRequest(FrameworkServlet.java:1006)
	at org.springframework.web.servlet.FrameworkServlet.doPost(FrameworkServlet.java:909)
	at javax.servlet.http.HttpServlet.service(HttpServlet.java:696)
	at org.springframework.web.servlet.FrameworkServlet.service(FrameworkServlet.java:883)
	at javax.servlet.http.HttpServlet.service(HttpServlet.java:779)
	at org.apache.catalina.core.ApplicationFilterChain.internalDoFilter(ApplicationFilterChain.java:227)
	at org.apache.catalina.core.ApplicationFilterChain.doFilter(ApplicationFilterChain.java:162)
	at org.apache.tomcat.websocket.server.WsFilter.doFilter(WsFilter.java:53)
	at org.apache.catalina.core.ApplicationFilterChain.internalDoFilter(ApplicationFilterChain.java:189)
	at org.apache.catalina.core.ApplicationFilterChain.doFilter(ApplicationFilterChain.java:162)
	at org.springframework.web.filter.CharacterEncodingFilter.doFilterInternal(CharacterEncodingFilter.java:201)
	at org.springframework.web.filter.OncePerRequestFilter.doFilter(OncePerRequestFilter.java:117)
	at org.apache.catalina.core.ApplicationFilterChain.internalDoFilter(ApplicationFilterChain.java:189)
	at org.apache.catalina.core.ApplicationFilterChain.doFilter(ApplicationFilterChain.java:162)
	at org.apache.catalina.core.StandardWrapperValve.invoke(StandardWrapperValve.java:197)
	at org.apache.catalina.core.StandardContextValve.invoke(StandardContextValve.java:97)
	at org.apache.catalina.authenticator.AuthenticatorBase.invoke(AuthenticatorBase.java:541)
	at org.apache.catalina.core.StandardHostValve.invoke(StandardHostValve.java:135)
	at org.apache.catalina.valves.ErrorReportValve.invoke(ErrorReportValve.java:92)
	at org.apache.catalina.core.StandardEngineValve.invoke(StandardEngineValve.java:78)
	at org.apache.catalina.connector.CoyoteAdapter.service(CoyoteAdapter.java:360)
	at org.apache.coyote.http11.Http11Processor.service(Http11Processor.java:399)
	at org.apache.coyote.AbstractProcessorLight.process(AbstractProcessorLight.java:65)
	at org.apache.coyote.AbstractProtocol$ConnectionHandler.process(AbstractProtocol.java:893)
	at org.apache.tomcat.util.net.NioEndpoint$SocketProcessor.doRun(NioEndpoint.java:1789)
	at org.apache.tomcat.util.net.SocketProcessorBase.run(SocketProcessorBase.java:49)
	at org.apache.tomcat.util.threads.ThreadPoolExecutor.runWorker(ThreadPoolExecutor.java:1191)
	at org.apache.tomcat.util.threads.ThreadPoolExecutor$Worker.run(ThreadPoolExecutor.java:659)
	at org.apache.tomcat.util.threads.TaskThread$WrappingRunnable.run(TaskThread.java:61)
	at java.base/java.lang.Thread.run(Thread.java:833)

[2m2022-11-22 00:48:19.381[0;39m [32m INFO[0;39m [35m4964[0;39m [2m---[0;39m [2m[nio-9999-exec-6][0;39m [36mc.ssafy.vue.controller.BoardController  [0;39m [2m:[0;39m writeTodo - 호출
[2m2022-11-22 00:48:19.396[0;39m [31mERROR[0;39m [35m4964[0;39m [2m---[0;39m [2m[nio-9999-exec-6][0;39m [36mo.a.c.c.C.[.[.[.[dispatcherServlet]     [0;39m [2m:[0;39m Servlet.service() for servlet [dispatcherServlet] in context with path [/vue] threw exception [Request processing failed; nested exception is org.springframework.dao.DataIntegrityViolationException: 
### Error updating database.  Cause: java.sql.SQLIntegrityConstraintViolationException: Cannot add or update a child row: a foreign key constraint fails (`ssafyvue`.`todo`, CONSTRAINT `todo_to_member` FOREIGN KEY (`userid`) REFERENCES `ssafy_member` (`userid`) ON DELETE RESTRICT ON UPDATE RESTRICT)
### The error may exist in file [C:\Users\Me\Downloads\serve\VueApi\target\classes\mappers\todo.xml]
### The error may involve com.ssafy.vue.model.mapper.TodoMapper.writeTodo-Inline
### The error occurred while setting parameters
### SQL: insert into todo (userid, content, checked)   values (?, ?, 0)
### Cause: java.sql.SQLIntegrityConstraintViolationException: Cannot add or update a child row: a foreign key constraint fails (`ssafyvue`.`todo`, CONSTRAINT `todo_to_member` FOREIGN KEY (`userid`) REFERENCES `ssafy_member` (`userid`) ON DELETE RESTRICT ON UPDATE RESTRICT)
; Cannot add or update a child row: a foreign key constraint fails (`ssafyvue`.`todo`, CONSTRAINT `todo_to_member` FOREIGN KEY (`userid`) REFERENCES `ssafy_member` (`userid`) ON DELETE RESTRICT ON UPDATE RESTRICT); nested exception is java.sql.SQLIntegrityConstraintViolationException: Cannot add or update a child row: a foreign key constraint fails (`ssafyvue`.`todo`, CONSTRAINT `todo_to_member` FOREIGN KEY (`userid`) REFERENCES `ssafy_member` (`userid`) ON DELETE RESTRICT ON UPDATE RESTRICT)] with root cause

java.sql.SQLIntegrityConstraintViolationException: Cannot add or update a child row: a foreign key constraint fails (`ssafyvue`.`todo`, CONSTRAINT `todo_to_member` FOREIGN KEY (`userid`) REFERENCES `ssafy_member` (`userid`) ON DELETE RESTRICT ON UPDATE RESTRICT)
	at com.mysql.cj.jdbc.exceptions.SQLError.createSQLException(SQLError.java:117)
	at com.mysql.cj.jdbc.exceptions.SQLExceptionsMapping.translateException(SQLExceptionsMapping.java:122)
	at com.mysql.cj.jdbc.ClientPreparedStatement.executeInternal(ClientPreparedStatement.java:916)
	at com.mysql.cj.jdbc.ClientPreparedStatement.execute(ClientPreparedStatement.java:354)
	at com.zaxxer.hikari.pool.ProxyPreparedStatement.execute(ProxyPreparedStatement.java:44)
	at com.zaxxer.hikari.pool.HikariProxyPreparedStatement.execute(HikariProxyPreparedStatement.java)
	at org.apache.ibatis.executor.statement.PreparedStatementHandler.update(PreparedStatementHandler.java:47)
	at org.apache.ibatis.executor.statement.RoutingStatementHandler.update(RoutingStatementHandler.java:74)
	at org.apache.ibatis.executor.SimpleExecutor.doUpdate(SimpleExecutor.java:50)
	at org.apache.ibatis.executor.BaseExecutor.update(BaseExecutor.java:117)
	at org.apache.ibatis.executor.CachingExecutor.update(CachingExecutor.java:76)
	at org.apache.ibatis.session.defaults.DefaultSqlSession.update(DefaultSqlSession.java:194)
	at org.apache.ibatis.session.defaults.DefaultSqlSession.insert(DefaultSqlSession.java:181)
	at java.base/jdk.internal.reflect.NativeMethodAccessorImpl.invoke0(Native Method)
	at java.base/jdk.internal.reflect.NativeMethodAccessorImpl.invoke(NativeMethodAccessorImpl.java:77)
	at java.base/jdk.internal.reflect.DelegatingMethodAccessorImpl.invoke(DelegatingMethodAccessorImpl.java:43)
	at java.base/java.lang.reflect.Method.invoke(Method.java:568)
	at org.mybatis.spring.SqlSessionTemplate$SqlSessionInterceptor.invoke(SqlSessionTemplate.java:427)
	at jdk.proxy2/jdk.proxy2.$Proxy77.insert(Unknown Source)
	at org.mybatis.spring.SqlSessionTemplate.insert(SqlSessionTemplate.java:272)
	at org.apache.ibatis.binding.MapperMethod.execute(MapperMethod.java:62)
	at org.apache.ibatis.binding.MapperProxy$PlainMethodInvoker.invoke(MapperProxy.java:145)
	at org.apache.ibatis.binding.MapperProxy.invoke(MapperProxy.java:86)
	at jdk.proxy2/jdk.proxy2.$Proxy100.writeTodo(Unknown Source)
	at com.ssafy.vue.model.service.TodoServiceImpl.writeTodo(TodoServiceImpl.java:26)
	at com.ssafy.vue.model.service.TodoServiceImpl$$FastClassBySpringCGLIB$$ee6b0e82.invoke(<generated>)
	at org.springframework.cglib.proxy.MethodProxy.invoke(MethodProxy.java:218)
	at org.springframework.aop.framework.CglibAopProxy.invokeMethod(CglibAopProxy.java:386)
	at org.springframework.aop.framework.CglibAopProxy.access$000(CglibAopProxy.java:85)
	at org.springframework.aop.framework.CglibAopProxy$DynamicAdvisedInterceptor.intercept(CglibAopProxy.java:704)
	at com.ssafy.vue.model.service.TodoServiceImpl$$EnhancerBySpringCGLIB$$ae374eb2.writeTodo(<generated>)
	at com.ssafy.vue.controller.TodoController.writeTodo(TodoController.java:44)
	at java.base/jdk.internal.reflect.NativeMethodAccessorImpl.invoke0(Native Method)
	at java.base/jdk.internal.reflect.NativeMethodAccessorImpl.invoke(NativeMethodAccessorImpl.java:77)
	at java.base/jdk.internal.reflect.DelegatingMethodAccessorImpl.invoke(DelegatingMethodAccessorImpl.java:43)
	at java.base/java.lang.reflect.Method.invoke(Method.java:568)
	at org.springframework.web.method.support.InvocableHandlerMethod.doInvoke(InvocableHandlerMethod.java:205)
	at org.springframework.web.method.support.InvocableHandlerMethod.invokeForRequest(InvocableHandlerMethod.java:150)
	at org.springframework.web.servlet.mvc.method.annotation.ServletInvocableHandlerMethod.invokeAndHandle(ServletInvocableHandlerMethod.java:117)
	at org.springframework.web.servlet.mvc.method.annotation.RequestMappingHandlerAdapter.invokeHandlerMethod(RequestMappingHandlerAdapter.java:895)
	at org.springframework.web.servlet.mvc.method.annotation.RequestMappingHandlerAdapter.handleInternal(RequestMappingHandlerAdapter.java:808)
	at org.springframework.web.servlet.mvc.method.AbstractHandlerMethodAdapter.handle(AbstractHandlerMethodAdapter.java:87)
	at org.springframework.web.servlet.DispatcherServlet.doDispatch(DispatcherServlet.java:1071)
	at org.springframework.web.servlet.DispatcherServlet.doService(DispatcherServlet.java:964)
	at org.springframework.web.servlet.FrameworkServlet.processRequest(FrameworkServlet.java:1006)
	at org.springframework.web.servlet.FrameworkServlet.doPost(FrameworkServlet.java:909)
	at javax.servlet.http.HttpServlet.service(HttpServlet.java:696)
	at org.springframework.web.servlet.FrameworkServlet.service(FrameworkServlet.java:883)
	at javax.servlet.http.HttpServlet.service(HttpServlet.java:779)
	at org.apache.catalina.core.ApplicationFilterChain.internalDoFilter(ApplicationFilterChain.java:227)
	at org.apache.catalina.core.ApplicationFilterChain.doFilter(ApplicationFilterChain.java:162)
	at org.apache.tomcat.websocket.server.WsFilter.doFilter(WsFilter.java:53)
	at org.apache.catalina.core.ApplicationFilterChain.internalDoFilter(ApplicationFilterChain.java:189)
	at org.apache.catalina.core.ApplicationFilterChain.doFilter(ApplicationFilterChain.java:162)
	at org.springframework.web.filter.CharacterEncodingFilter.doFilterInternal(CharacterEncodingFilter.java:201)
	at org.springframework.web.filter.OncePerRequestFilter.doFilter(OncePerRequestFilter.java:117)
	at org.apache.catalina.core.ApplicationFilterChain.internalDoFilter(ApplicationFilterChain.java:189)
	at org.apache.catalina.core.ApplicationFilterChain.doFilter(ApplicationFilterChain.java:162)
	at org.apache.catalina.core.StandardWrapperValve.invoke(StandardWrapperValve.java:197)
	at org.apache.catalina.core.StandardContextValve.invoke(StandardContextValve.java:97)
	at org.apache.catalina.authenticator.AuthenticatorBase.invoke(AuthenticatorBase.java:541)
	at org.apache.catalina.core.StandardHostValve.invoke(StandardHostValve.java:135)
	at org.apache.catalina.valves.ErrorReportValve.invoke(ErrorReportValve.java:92)
	at org.apache.catalina.core.StandardEngineValve.invoke(StandardEngineValve.java:78)
	at org.apache.catalina.connector.CoyoteAdapter.service(CoyoteAdapter.java:360)
	at org.apache.coyote.http11.Http11Processor.service(Http11Processor.java:399)
	at org.apache.coyote.AbstractProcessorLight.process(AbstractProcessorLight.java:65)
	at org.apache.coyote.AbstractProtocol$ConnectionHandler.process(AbstractProtocol.java:893)
	at org.apache.tomcat.util.net.NioEndpoint$SocketProcessor.doRun(NioEndpoint.java:1789)
	at org.apache.tomcat.util.net.SocketProcessorBase.run(SocketProcessorBase.java:49)
	at org.apache.tomcat.util.threads.ThreadPoolExecutor.runWorker(ThreadPoolExecutor.java:1191)
	at org.apache.tomcat.util.threads.ThreadPoolExecutor$Worker.run(ThreadPoolExecutor.java:659)
	at org.apache.tomcat.util.threads.TaskThread$WrappingRunnable.run(TaskThread.java:61)
	at java.base/java.lang.Thread.run(Thread.java:833)

[2m2022-11-22 00:50:25.774[0;39m [32m INFO[0;39m [35m4964[0;39m [2m---[0;39m [2m[nio-9999-exec-7][0;39m [36mc.ssafy.vue.controller.BoardController  [0;39m [2m:[0;39m writeTodo - 호출
[2m2022-11-22 00:50:25.788[0;39m [31mERROR[0;39m [35m4964[0;39m [2m---[0;39m [2m[nio-9999-exec-7][0;39m [36mo.a.c.c.C.[.[.[.[dispatcherServlet]     [0;39m [2m:[0;39m Servlet.service() for servlet [dispatcherServlet] in context with path [/vue] threw exception [Request processing failed; nested exception is org.springframework.dao.DataIntegrityViolationException: 
### Error updating database.  Cause: java.sql.SQLIntegrityConstraintViolationException: Cannot add or update a child row: a foreign key constraint fails (`ssafyvue`.`todo`, CONSTRAINT `todo_to_member` FOREIGN KEY (`userid`) REFERENCES `ssafy_member` (`userid`))
### The error may exist in file [C:\Users\Me\Downloads\serve\VueApi\target\classes\mappers\todo.xml]
### The error may involve com.ssafy.vue.model.mapper.TodoMapper.writeTodo-Inline
### The error occurred while setting parameters
### SQL: insert into todo (userid, content, checked)   values (?, ?, 0)
### Cause: java.sql.SQLIntegrityConstraintViolationException: Cannot add or update a child row: a foreign key constraint fails (`ssafyvue`.`todo`, CONSTRAINT `todo_to_member` FOREIGN KEY (`userid`) REFERENCES `ssafy_member` (`userid`))
; Cannot add or update a child row: a foreign key constraint fails (`ssafyvue`.`todo`, CONSTRAINT `todo_to_member` FOREIGN KEY (`userid`) REFERENCES `ssafy_member` (`userid`)); nested exception is java.sql.SQLIntegrityConstraintViolationException: Cannot add or update a child row: a foreign key constraint fails (`ssafyvue`.`todo`, CONSTRAINT `todo_to_member` FOREIGN KEY (`userid`) REFERENCES `ssafy_member` (`userid`))] with root cause

java.sql.SQLIntegrityConstraintViolationException: Cannot add or update a child row: a foreign key constraint fails (`ssafyvue`.`todo`, CONSTRAINT `todo_to_member` FOREIGN KEY (`userid`) REFERENCES `ssafy_member` (`userid`))
	at com.mysql.cj.jdbc.exceptions.SQLError.createSQLException(SQLError.java:117)
	at com.mysql.cj.jdbc.exceptions.SQLExceptionsMapping.translateException(SQLExceptionsMapping.java:122)
	at com.mysql.cj.jdbc.ClientPreparedStatement.executeInternal(ClientPreparedStatement.java:916)
	at com.mysql.cj.jdbc.ClientPreparedStatement.execute(ClientPreparedStatement.java:354)
	at com.zaxxer.hikari.pool.ProxyPreparedStatement.execute(ProxyPreparedStatement.java:44)
	at com.zaxxer.hikari.pool.HikariProxyPreparedStatement.execute(HikariProxyPreparedStatement.java)
	at org.apache.ibatis.executor.statement.PreparedStatementHandler.update(PreparedStatementHandler.java:47)
	at org.apache.ibatis.executor.statement.RoutingStatementHandler.update(RoutingStatementHandler.java:74)
	at org.apache.ibatis.executor.SimpleExecutor.doUpdate(SimpleExecutor.java:50)
	at org.apache.ibatis.executor.BaseExecutor.update(BaseExecutor.java:117)
	at org.apache.ibatis.executor.CachingExecutor.update(CachingExecutor.java:76)
	at org.apache.ibatis.session.defaults.DefaultSqlSession.update(DefaultSqlSession.java:194)
	at org.apache.ibatis.session.defaults.DefaultSqlSession.insert(DefaultSqlSession.java:181)
	at java.base/jdk.internal.reflect.NativeMethodAccessorImpl.invoke0(Native Method)
	at java.base/jdk.internal.reflect.NativeMethodAccessorImpl.invoke(NativeMethodAccessorImpl.java:77)
	at java.base/jdk.internal.reflect.DelegatingMethodAccessorImpl.invoke(DelegatingMethodAccessorImpl.java:43)
	at java.base/java.lang.reflect.Method.invoke(Method.java:568)
	at org.mybatis.spring.SqlSessionTemplate$SqlSessionInterceptor.invoke(SqlSessionTemplate.java:427)
	at jdk.proxy2/jdk.proxy2.$Proxy77.insert(Unknown Source)
	at org.mybatis.spring.SqlSessionTemplate.insert(SqlSessionTemplate.java:272)
	at org.apache.ibatis.binding.MapperMethod.execute(MapperMethod.java:62)
	at org.apache.ibatis.binding.MapperProxy$PlainMethodInvoker.invoke(MapperProxy.java:145)
	at org.apache.ibatis.binding.MapperProxy.invoke(MapperProxy.java:86)
	at jdk.proxy2/jdk.proxy2.$Proxy100.writeTodo(Unknown Source)
	at com.ssafy.vue.model.service.TodoServiceImpl.writeTodo(TodoServiceImpl.java:26)
	at com.ssafy.vue.model.service.TodoServiceImpl$$FastClassBySpringCGLIB$$ee6b0e82.invoke(<generated>)
	at org.springframework.cglib.proxy.MethodProxy.invoke(MethodProxy.java:218)
	at org.springframework.aop.framework.CglibAopProxy.invokeMethod(CglibAopProxy.java:386)
	at org.springframework.aop.framework.CglibAopProxy.access$000(CglibAopProxy.java:85)
	at org.springframework.aop.framework.CglibAopProxy$DynamicAdvisedInterceptor.intercept(CglibAopProxy.java:704)
	at com.ssafy.vue.model.service.TodoServiceImpl$$EnhancerBySpringCGLIB$$ae374eb2.writeTodo(<generated>)
	at com.ssafy.vue.controller.TodoController.writeTodo(TodoController.java:44)
	at java.base/jdk.internal.reflect.NativeMethodAccessorImpl.invoke0(Native Method)
	at java.base/jdk.internal.reflect.NativeMethodAccessorImpl.invoke(NativeMethodAccessorImpl.java:77)
	at java.base/jdk.internal.reflect.DelegatingMethodAccessorImpl.invoke(DelegatingMethodAccessorImpl.java:43)
	at java.base/java.lang.reflect.Method.invoke(Method.java:568)
	at org.springframework.web.method.support.InvocableHandlerMethod.doInvoke(InvocableHandlerMethod.java:205)
	at org.springframework.web.method.support.InvocableHandlerMethod.invokeForRequest(InvocableHandlerMethod.java:150)
	at org.springframework.web.servlet.mvc.method.annotation.ServletInvocableHandlerMethod.invokeAndHandle(ServletInvocableHandlerMethod.java:117)
	at org.springframework.web.servlet.mvc.method.annotation.RequestMappingHandlerAdapter.invokeHandlerMethod(RequestMappingHandlerAdapter.java:895)
	at org.springframework.web.servlet.mvc.method.annotation.RequestMappingHandlerAdapter.handleInternal(RequestMappingHandlerAdapter.java:808)
	at org.springframework.web.servlet.mvc.method.AbstractHandlerMethodAdapter.handle(AbstractHandlerMethodAdapter.java:87)
	at org.springframework.web.servlet.DispatcherServlet.doDispatch(DispatcherServlet.java:1071)
	at org.springframework.web.servlet.DispatcherServlet.doService(DispatcherServlet.java:964)
	at org.springframework.web.servlet.FrameworkServlet.processRequest(FrameworkServlet.java:1006)
	at org.springframework.web.servlet.FrameworkServlet.doPost(FrameworkServlet.java:909)
	at javax.servlet.http.HttpServlet.service(HttpServlet.java:696)
	at org.springframework.web.servlet.FrameworkServlet.service(FrameworkServlet.java:883)
	at javax.servlet.http.HttpServlet.service(HttpServlet.java:779)
	at org.apache.catalina.core.ApplicationFilterChain.internalDoFilter(ApplicationFilterChain.java:227)
	at org.apache.catalina.core.ApplicationFilterChain.doFilter(ApplicationFilterChain.java:162)
	at org.apache.tomcat.websocket.server.WsFilter.doFilter(WsFilter.java:53)
	at org.apache.catalina.core.ApplicationFilterChain.internalDoFilter(ApplicationFilterChain.java:189)
	at org.apache.catalina.core.ApplicationFilterChain.doFilter(ApplicationFilterChain.java:162)
	at org.springframework.web.filter.CharacterEncodingFilter.doFilterInternal(CharacterEncodingFilter.java:201)
	at org.springframework.web.filter.OncePerRequestFilter.doFilter(OncePerRequestFilter.java:117)
	at org.apache.catalina.core.ApplicationFilterChain.internalDoFilter(ApplicationFilterChain.java:189)
	at org.apache.catalina.core.ApplicationFilterChain.doFilter(ApplicationFilterChain.java:162)
	at org.apache.catalina.core.StandardWrapperValve.invoke(StandardWrapperValve.java:197)
	at org.apache.catalina.core.StandardContextValve.invoke(StandardContextValve.java:97)
	at org.apache.catalina.authenticator.AuthenticatorBase.invoke(AuthenticatorBase.java:541)
	at org.apache.catalina.core.StandardHostValve.invoke(StandardHostValve.java:135)
	at org.apache.catalina.valves.ErrorReportValve.invoke(ErrorReportValve.java:92)
	at org.apache.catalina.core.StandardEngineValve.invoke(StandardEngineValve.java:78)
	at org.apache.catalina.connector.CoyoteAdapter.service(CoyoteAdapter.java:360)
	at org.apache.coyote.http11.Http11Processor.service(Http11Processor.java:399)
	at org.apache.coyote.AbstractProcessorLight.process(AbstractProcessorLight.java:65)
	at org.apache.coyote.AbstractProtocol$ConnectionHandler.process(AbstractProtocol.java:893)
	at org.apache.tomcat.util.net.NioEndpoint$SocketProcessor.doRun(NioEndpoint.java:1789)
	at org.apache.tomcat.util.net.SocketProcessorBase.run(SocketProcessorBase.java:49)
	at org.apache.tomcat.util.threads.ThreadPoolExecutor.runWorker(ThreadPoolExecutor.java:1191)
	at org.apache.tomcat.util.threads.ThreadPoolExecutor$Worker.run(ThreadPoolExecutor.java:659)
	at org.apache.tomcat.util.threads.TaskThread$WrappingRunnable.run(TaskThread.java:61)
	at java.base/java.lang.Thread.run(Thread.java:833)

[2m2022-11-22 00:51:39.702[0;39m [32m INFO[0;39m [35m4964[0;39m [2m---[0;39m [2m[nio-9999-exec-8][0;39m [36mc.ssafy.vue.controller.BoardController  [0;39m [2m:[0;39m writeTodo - 호출
[2m2022-11-22 00:51:39.716[0;39m [31mERROR[0;39m [35m4964[0;39m [2m---[0;39m [2m[nio-9999-exec-8][0;39m [36mo.a.c.c.C.[.[.[.[dispatcherServlet]     [0;39m [2m:[0;39m Servlet.service() for servlet [dispatcherServlet] in context with path [/vue] threw exception [Request processing failed; nested exception is org.springframework.dao.DataIntegrityViolationException: 
### Error updating database.  Cause: java.sql.SQLIntegrityConstraintViolationException: Cannot add or update a child row: a foreign key constraint fails (`ssafyvue`.`todo`, CONSTRAINT `todo_to_member` FOREIGN KEY (`userid`) REFERENCES `ssafy_member` (`userid`))
### The error may exist in file [C:\Users\Me\Downloads\serve\VueApi\target\classes\mappers\todo.xml]
### The error may involve com.ssafy.vue.model.mapper.TodoMapper.writeTodo-Inline
### The error occurred while setting parameters
### SQL: insert into todo (userid, content, checked)   values (?, ?, 0)
### Cause: java.sql.SQLIntegrityConstraintViolationException: Cannot add or update a child row: a foreign key constraint fails (`ssafyvue`.`todo`, CONSTRAINT `todo_to_member` FOREIGN KEY (`userid`) REFERENCES `ssafy_member` (`userid`))
; Cannot add or update a child row: a foreign key constraint fails (`ssafyvue`.`todo`, CONSTRAINT `todo_to_member` FOREIGN KEY (`userid`) REFERENCES `ssafy_member` (`userid`)); nested exception is java.sql.SQLIntegrityConstraintViolationException: Cannot add or update a child row: a foreign key constraint fails (`ssafyvue`.`todo`, CONSTRAINT `todo_to_member` FOREIGN KEY (`userid`) REFERENCES `ssafy_member` (`userid`))] with root cause

java.sql.SQLIntegrityConstraintViolationException: Cannot add or update a child row: a foreign key constraint fails (`ssafyvue`.`todo`, CONSTRAINT `todo_to_member` FOREIGN KEY (`userid`) REFERENCES `ssafy_member` (`userid`))
	at com.mysql.cj.jdbc.exceptions.SQLError.createSQLException(SQLError.java:117)
	at com.mysql.cj.jdbc.exceptions.SQLExceptionsMapping.translateException(SQLExceptionsMapping.java:122)
	at com.mysql.cj.jdbc.ClientPreparedStatement.executeInternal(ClientPreparedStatement.java:916)
	at com.mysql.cj.jdbc.ClientPreparedStatement.execute(ClientPreparedStatement.java:354)
	at com.zaxxer.hikari.pool.ProxyPreparedStatement.execute(ProxyPreparedStatement.java:44)
	at com.zaxxer.hikari.pool.HikariProxyPreparedStatement.execute(HikariProxyPreparedStatement.java)
	at org.apache.ibatis.executor.statement.PreparedStatementHandler.update(PreparedStatementHandler.java:47)
	at org.apache.ibatis.executor.statement.RoutingStatementHandler.update(RoutingStatementHandler.java:74)
	at org.apache.ibatis.executor.SimpleExecutor.doUpdate(SimpleExecutor.java:50)
	at org.apache.ibatis.executor.BaseExecutor.update(BaseExecutor.java:117)
	at org.apache.ibatis.executor.CachingExecutor.update(CachingExecutor.java:76)
	at org.apache.ibatis.session.defaults.DefaultSqlSession.update(DefaultSqlSession.java:194)
	at org.apache.ibatis.session.defaults.DefaultSqlSession.insert(DefaultSqlSession.java:181)
	at java.base/jdk.internal.reflect.NativeMethodAccessorImpl.invoke0(Native Method)
	at java.base/jdk.internal.reflect.NativeMethodAccessorImpl.invoke(NativeMethodAccessorImpl.java:77)
	at java.base/jdk.internal.reflect.DelegatingMethodAccessorImpl.invoke(DelegatingMethodAccessorImpl.java:43)
	at java.base/java.lang.reflect.Method.invoke(Method.java:568)
	at org.mybatis.spring.SqlSessionTemplate$SqlSessionInterceptor.invoke(SqlSessionTemplate.java:427)
	at jdk.proxy2/jdk.proxy2.$Proxy77.insert(Unknown Source)
	at org.mybatis.spring.SqlSessionTemplate.insert(SqlSessionTemplate.java:272)
	at org.apache.ibatis.binding.MapperMethod.execute(MapperMethod.java:62)
	at org.apache.ibatis.binding.MapperProxy$PlainMethodInvoker.invoke(MapperProxy.java:145)
	at org.apache.ibatis.binding.MapperProxy.invoke(MapperProxy.java:86)
	at jdk.proxy2/jdk.proxy2.$Proxy100.writeTodo(Unknown Source)
	at com.ssafy.vue.model.service.TodoServiceImpl.writeTodo(TodoServiceImpl.java:26)
	at com.ssafy.vue.model.service.TodoServiceImpl$$FastClassBySpringCGLIB$$ee6b0e82.invoke(<generated>)
	at org.springframework.cglib.proxy.MethodProxy.invoke(MethodProxy.java:218)
	at org.springframework.aop.framework.CglibAopProxy.invokeMethod(CglibAopProxy.java:386)
	at org.springframework.aop.framework.CglibAopProxy.access$000(CglibAopProxy.java:85)
	at org.springframework.aop.framework.CglibAopProxy$DynamicAdvisedInterceptor.intercept(CglibAopProxy.java:704)
	at com.ssafy.vue.model.service.TodoServiceImpl$$EnhancerBySpringCGLIB$$ae374eb2.writeTodo(<generated>)
	at com.ssafy.vue.controller.TodoController.writeTodo(TodoController.java:44)
	at java.base/jdk.internal.reflect.NativeMethodAccessorImpl.invoke0(Native Method)
	at java.base/jdk.internal.reflect.NativeMethodAccessorImpl.invoke(NativeMethodAccessorImpl.java:77)
	at java.base/jdk.internal.reflect.DelegatingMethodAccessorImpl.invoke(DelegatingMethodAccessorImpl.java:43)
	at java.base/java.lang.reflect.Method.invoke(Method.java:568)
	at org.springframework.web.method.support.InvocableHandlerMethod.doInvoke(InvocableHandlerMethod.java:205)
	at org.springframework.web.method.support.InvocableHandlerMethod.invokeForRequest(InvocableHandlerMethod.java:150)
	at org.springframework.web.servlet.mvc.method.annotation.ServletInvocableHandlerMethod.invokeAndHandle(ServletInvocableHandlerMethod.java:117)
	at org.springframework.web.servlet.mvc.method.annotation.RequestMappingHandlerAdapter.invokeHandlerMethod(RequestMappingHandlerAdapter.java:895)
	at org.springframework.web.servlet.mvc.method.annotation.RequestMappingHandlerAdapter.handleInternal(RequestMappingHandlerAdapter.java:808)
	at org.springframework.web.servlet.mvc.method.AbstractHandlerMethodAdapter.handle(AbstractHandlerMethodAdapter.java:87)
	at org.springframework.web.servlet.DispatcherServlet.doDispatch(DispatcherServlet.java:1071)
	at org.springframework.web.servlet.DispatcherServlet.doService(DispatcherServlet.java:964)
	at org.springframework.web.servlet.FrameworkServlet.processRequest(FrameworkServlet.java:1006)
	at org.springframework.web.servlet.FrameworkServlet.doPost(FrameworkServlet.java:909)
	at javax.servlet.http.HttpServlet.service(HttpServlet.java:696)
	at org.springframework.web.servlet.FrameworkServlet.service(FrameworkServlet.java:883)
	at javax.servlet.http.HttpServlet.service(HttpServlet.java:779)
	at org.apache.catalina.core.ApplicationFilterChain.internalDoFilter(ApplicationFilterChain.java:227)
	at org.apache.catalina.core.ApplicationFilterChain.doFilter(ApplicationFilterChain.java:162)
	at org.apache.tomcat.websocket.server.WsFilter.doFilter(WsFilter.java:53)
	at org.apache.catalina.core.ApplicationFilterChain.internalDoFilter(ApplicationFilterChain.java:189)
	at org.apache.catalina.core.ApplicationFilterChain.doFilter(ApplicationFilterChain.java:162)
	at org.springframework.web.filter.CharacterEncodingFilter.doFilterInternal(CharacterEncodingFilter.java:201)
	at org.springframework.web.filter.OncePerRequestFilter.doFilter(OncePerRequestFilter.java:117)
	at org.apache.catalina.core.ApplicationFilterChain.internalDoFilter(ApplicationFilterChain.java:189)
	at org.apache.catalina.core.ApplicationFilterChain.doFilter(ApplicationFilterChain.java:162)
	at org.apache.catalina.core.StandardWrapperValve.invoke(StandardWrapperValve.java:197)
	at org.apache.catalina.core.StandardContextValve.invoke(StandardContextValve.java:97)
	at org.apache.catalina.authenticator.AuthenticatorBase.invoke(AuthenticatorBase.java:541)
	at org.apache.catalina.core.StandardHostValve.invoke(StandardHostValve.java:135)
	at org.apache.catalina.valves.ErrorReportValve.invoke(ErrorReportValve.java:92)
	at org.apache.catalina.core.StandardEngineValve.invoke(StandardEngineValve.java:78)
	at org.apache.catalina.connector.CoyoteAdapter.service(CoyoteAdapter.java:360)
	at org.apache.coyote.http11.Http11Processor.service(Http11Processor.java:399)
	at org.apache.coyote.AbstractProcessorLight.process(AbstractProcessorLight.java:65)
	at org.apache.coyote.AbstractProtocol$ConnectionHandler.process(AbstractProtocol.java:893)
	at org.apache.tomcat.util.net.NioEndpoint$SocketProcessor.doRun(NioEndpoint.java:1789)
	at org.apache.tomcat.util.net.SocketProcessorBase.run(SocketProcessorBase.java:49)
	at org.apache.tomcat.util.threads.ThreadPoolExecutor.runWorker(ThreadPoolExecutor.java:1191)
	at org.apache.tomcat.util.threads.ThreadPoolExecutor$Worker.run(ThreadPoolExecutor.java:659)
	at org.apache.tomcat.util.threads.TaskThread$WrappingRunnable.run(TaskThread.java:61)
	at java.base/java.lang.Thread.run(Thread.java:833)

[2m2022-11-22 00:52:25.791[0;39m [32mDEBUG[0;39m [35m4964[0;39m [2m---[0;39m [2m[nio-9999-exec-9][0;39m [36mc.ssafy.vue.controller.MemberController [0;39m [2m:[0;39m 로그인 accessToken 정보 : eyJ0eXAiOiJKV1QiLCJyZWdEYXRlIjoxNjY5MDQ1OTQ1NDM4LCJhbGciOiJIUzI1NiJ9.eyJleHAiOjE2NjkwNDYwMDUsInN1YiI6ImFjY2Vzcy10b2tlbiIsInVzZXJpZCI6InNzYWZ5In0.-KktXmgjD1vpRIjElvBU4gHl-YZwXyRkGQ4hfSLjxq8
[2m2022-11-22 00:52:25.794[0;39m [32mDEBUG[0;39m [35m4964[0;39m [2m---[0;39m [2m[nio-9999-exec-9][0;39m [36mc.ssafy.vue.controller.MemberController [0;39m [2m:[0;39m 로그인 refreshToken 정보 : eyJ0eXAiOiJKV1QiLCJyZWdEYXRlIjoxNjY5MDQ1OTQ1NzgzLCJhbGciOiJIUzI1NiJ9.eyJleHAiOjE2NzAyNTU1NDUsInN1YiI6InJlZnJlc2gtdG9rZW4iLCJ1c2VyaWQiOiJzc2FmeSJ9.Xz5wWVXsn6fIM6koaCbaEAa0CBr8fMyYtfIPmQlaepo
[2m2022-11-22 00:52:25.838[0;39m [32m INFO[0;39m [35m4964[0;39m [2m---[0;39m [2m[io-9999-exec-10][0;39m [36mc.ssafy.vue.controller.MemberController [0;39m [2m:[0;39m 사용 가능한 토큰!!!
[2m2022-11-22 00:52:29.630[0;39m [32m INFO[0;39m [35m4964[0;39m [2m---[0;39m [2m[nio-9999-exec-2][0;39m [36mc.ssafy.vue.controller.BoardController  [0;39m [2m:[0;39m listTodo - 호출
[2m2022-11-22 00:52:35.800[0;39m [31mERROR[0;39m [35m4964[0;39m [2m---[0;39m [2m[nio-9999-exec-3][0;39m [36mo.a.c.c.C.[.[.[.[dispatcherServlet]     [0;39m [2m:[0;39m Servlet.service() for servlet [dispatcherServlet] in context with path [/vue] threw exception [Request processing failed; nested exception is java.lang.IllegalStateException: No primary or single unique constructor found for interface java.util.List] with root cause

java.lang.IllegalStateException: No primary or single unique constructor found for interface java.util.List
	at org.springframework.beans.BeanUtils.getResolvableConstructor(BeanUtils.java:267)
	at org.springframework.web.method.annotation.ModelAttributeMethodProcessor.createAttribute(ModelAttributeMethodProcessor.java:219)
	at org.springframework.web.servlet.mvc.method.annotation.ServletModelAttributeMethodProcessor.createAttribute(ServletModelAttributeMethodProcessor.java:85)
	at org.springframework.web.method.annotation.ModelAttributeMethodProcessor.resolveArgument(ModelAttributeMethodProcessor.java:147)
	at org.springframework.web.method.support.HandlerMethodArgumentResolverComposite.resolveArgument(HandlerMethodArgumentResolverComposite.java:122)
	at org.springframework.web.method.support.InvocableHandlerMethod.getMethodArgumentValues(InvocableHandlerMethod.java:179)
	at org.springframework.web.method.support.InvocableHandlerMethod.invokeForRequest(InvocableHandlerMethod.java:146)
	at org.springframework.web.servlet.mvc.method.annotation.ServletInvocableHandlerMethod.invokeAndHandle(ServletInvocableHandlerMethod.java:117)
	at org.springframework.web.servlet.mvc.method.annotation.RequestMappingHandlerAdapter.invokeHandlerMethod(RequestMappingHandlerAdapter.java:895)
	at org.springframework.web.servlet.mvc.method.annotation.RequestMappingHandlerAdapter.handleInternal(RequestMappingHandlerAdapter.java:808)
	at org.springframework.web.servlet.mvc.method.AbstractHandlerMethodAdapter.handle(AbstractHandlerMethodAdapter.java:87)
	at org.springframework.web.servlet.DispatcherServlet.doDispatch(DispatcherServlet.java:1071)
	at org.springframework.web.servlet.DispatcherServlet.doService(DispatcherServlet.java:964)
	at org.springframework.web.servlet.FrameworkServlet.processRequest(FrameworkServlet.java:1006)
	at org.springframework.web.servlet.FrameworkServlet.doDelete(FrameworkServlet.java:931)
	at javax.servlet.http.HttpServlet.service(HttpServlet.java:702)
	at org.springframework.web.servlet.FrameworkServlet.service(FrameworkServlet.java:883)
	at javax.servlet.http.HttpServlet.service(HttpServlet.java:779)
	at org.apache.catalina.core.ApplicationFilterChain.internalDoFilter(ApplicationFilterChain.java:227)
	at org.apache.catalina.core.ApplicationFilterChain.doFilter(ApplicationFilterChain.java:162)
	at org.apache.tomcat.websocket.server.WsFilter.doFilter(WsFilter.java:53)
	at org.apache.catalina.core.ApplicationFilterChain.internalDoFilter(ApplicationFilterChain.java:189)
	at org.apache.catalina.core.ApplicationFilterChain.doFilter(ApplicationFilterChain.java:162)
	at org.springframework.web.filter.CharacterEncodingFilter.doFilterInternal(CharacterEncodingFilter.java:201)
	at org.springframework.web.filter.OncePerRequestFilter.doFilter(OncePerRequestFilter.java:117)
	at org.apache.catalina.core.ApplicationFilterChain.internalDoFilter(ApplicationFilterChain.java:189)
	at org.apache.catalina.core.ApplicationFilterChain.doFilter(ApplicationFilterChain.java:162)
	at org.apache.catalina.core.StandardWrapperValve.invoke(StandardWrapperValve.java:197)
	at org.apache.catalina.core.StandardContextValve.invoke(StandardContextValve.java:97)
	at org.apache.catalina.authenticator.AuthenticatorBase.invoke(AuthenticatorBase.java:541)
	at org.apache.catalina.core.StandardHostValve.invoke(StandardHostValve.java:135)
	at org.apache.catalina.valves.ErrorReportValve.invoke(ErrorReportValve.java:92)
	at org.apache.catalina.core.StandardEngineValve.invoke(StandardEngineValve.java:78)
	at org.apache.catalina.connector.CoyoteAdapter.service(CoyoteAdapter.java:360)
	at org.apache.coyote.http11.Http11Processor.service(Http11Processor.java:399)
	at org.apache.coyote.AbstractProcessorLight.process(AbstractProcessorLight.java:65)
	at org.apache.coyote.AbstractProtocol$ConnectionHandler.process(AbstractProtocol.java:893)
	at org.apache.tomcat.util.net.NioEndpoint$SocketProcessor.doRun(NioEndpoint.java:1789)
	at org.apache.tomcat.util.net.SocketProcessorBase.run(SocketProcessorBase.java:49)
	at org.apache.tomcat.util.threads.ThreadPoolExecutor.runWorker(ThreadPoolExecutor.java:1191)
	at org.apache.tomcat.util.threads.ThreadPoolExecutor$Worker.run(ThreadPoolExecutor.java:659)
	at org.apache.tomcat.util.threads.TaskThread$WrappingRunnable.run(TaskThread.java:61)
	at java.base/java.lang.Thread.run(Thread.java:833)

[2m2022-11-22 00:52:37.766[0;39m [31mERROR[0;39m [35m4964[0;39m [2m---[0;39m [2m[nio-9999-exec-4][0;39m [36mo.a.c.c.C.[.[.[.[dispatcherServlet]     [0;39m [2m:[0;39m Servlet.service() for servlet [dispatcherServlet] in context with path [/vue] threw exception [Request processing failed; nested exception is java.lang.IllegalStateException: No primary or single unique constructor found for interface java.util.List] with root cause

java.lang.IllegalStateException: No primary or single unique constructor found for interface java.util.List
	at org.springframework.beans.BeanUtils.getResolvableConstructor(BeanUtils.java:267)
	at org.springframework.web.method.annotation.ModelAttributeMethodProcessor.createAttribute(ModelAttributeMethodProcessor.java:219)
	at org.springframework.web.servlet.mvc.method.annotation.ServletModelAttributeMethodProcessor.createAttribute(ServletModelAttributeMethodProcessor.java:85)
	at org.springframework.web.method.annotation.ModelAttributeMethodProcessor.resolveArgument(ModelAttributeMethodProcessor.java:147)
	at org.springframework.web.method.support.HandlerMethodArgumentResolverComposite.resolveArgument(HandlerMethodArgumentResolverComposite.java:122)
	at org.springframework.web.method.support.InvocableHandlerMethod.getMethodArgumentValues(InvocableHandlerMethod.java:179)
	at org.springframework.web.method.support.InvocableHandlerMethod.invokeForRequest(InvocableHandlerMethod.java:146)
	at org.springframework.web.servlet.mvc.method.annotation.ServletInvocableHandlerMethod.invokeAndHandle(ServletInvocableHandlerMethod.java:117)
	at org.springframework.web.servlet.mvc.method.annotation.RequestMappingHandlerAdapter.invokeHandlerMethod(RequestMappingHandlerAdapter.java:895)
	at org.springframework.web.servlet.mvc.method.annotation.RequestMappingHandlerAdapter.handleInternal(RequestMappingHandlerAdapter.java:808)
	at org.springframework.web.servlet.mvc.method.AbstractHandlerMethodAdapter.handle(AbstractHandlerMethodAdapter.java:87)
	at org.springframework.web.servlet.DispatcherServlet.doDispatch(DispatcherServlet.java:1071)
	at org.springframework.web.servlet.DispatcherServlet.doService(DispatcherServlet.java:964)
	at org.springframework.web.servlet.FrameworkServlet.processRequest(FrameworkServlet.java:1006)
	at org.springframework.web.servlet.FrameworkServlet.doDelete(FrameworkServlet.java:931)
	at javax.servlet.http.HttpServlet.service(HttpServlet.java:702)
	at org.springframework.web.servlet.FrameworkServlet.service(FrameworkServlet.java:883)
	at javax.servlet.http.HttpServlet.service(HttpServlet.java:779)
	at org.apache.catalina.core.ApplicationFilterChain.internalDoFilter(ApplicationFilterChain.java:227)
	at org.apache.catalina.core.ApplicationFilterChain.doFilter(ApplicationFilterChain.java:162)
	at org.apache.tomcat.websocket.server.WsFilter.doFilter(WsFilter.java:53)
	at org.apache.catalina.core.ApplicationFilterChain.internalDoFilter(ApplicationFilterChain.java:189)
	at org.apache.catalina.core.ApplicationFilterChain.doFilter(ApplicationFilterChain.java:162)
	at org.springframework.web.filter.CharacterEncodingFilter.doFilterInternal(CharacterEncodingFilter.java:201)
	at org.springframework.web.filter.OncePerRequestFilter.doFilter(OncePerRequestFilter.java:117)
	at org.apache.catalina.core.ApplicationFilterChain.internalDoFilter(ApplicationFilterChain.java:189)
	at org.apache.catalina.core.ApplicationFilterChain.doFilter(ApplicationFilterChain.java:162)
	at org.apache.catalina.core.StandardWrapperValve.invoke(StandardWrapperValve.java:197)
	at org.apache.catalina.core.StandardContextValve.invoke(StandardContextValve.java:97)
	at org.apache.catalina.authenticator.AuthenticatorBase.invoke(AuthenticatorBase.java:541)
	at org.apache.catalina.core.StandardHostValve.invoke(StandardHostValve.java:135)
	at org.apache.catalina.valves.ErrorReportValve.invoke(ErrorReportValve.java:92)
	at org.apache.catalina.core.StandardEngineValve.invoke(StandardEngineValve.java:78)
	at org.apache.catalina.connector.CoyoteAdapter.service(CoyoteAdapter.java:360)
	at org.apache.coyote.http11.Http11Processor.service(Http11Processor.java:399)
	at org.apache.coyote.AbstractProcessorLight.process(AbstractProcessorLight.java:65)
	at org.apache.coyote.AbstractProtocol$ConnectionHandler.process(AbstractProtocol.java:893)
	at org.apache.tomcat.util.net.NioEndpoint$SocketProcessor.doRun(NioEndpoint.java:1789)
	at org.apache.tomcat.util.net.SocketProcessorBase.run(SocketProcessorBase.java:49)
	at org.apache.tomcat.util.threads.ThreadPoolExecutor.runWorker(ThreadPoolExecutor.java:1191)
	at org.apache.tomcat.util.threads.ThreadPoolExecutor$Worker.run(ThreadPoolExecutor.java:659)
	at org.apache.tomcat.util.threads.TaskThread$WrappingRunnable.run(TaskThread.java:61)
	at java.base/java.lang.Thread.run(Thread.java:833)

[2m2022-11-22 00:55:08.789[0;39m [32m INFO[0;39m [35m4964[0;39m [2m---[0;39m [2m[nio-9999-exec-5][0;39m [36mc.ssafy.vue.controller.BoardController  [0;39m [2m:[0;39m writeTodo - 호출
[2m2022-11-22 01:13:32.550[0;39m [32m INFO[0;39m [35m4964[0;39m [2m---[0;39m [2m[nio-9999-exec-7][0;39m [36mc.ssafy.vue.controller.BoardController  [0;39m [2m:[0;39m listTodo - 호출
[2m2022-11-22 01:21:29.113[0;39m [32m INFO[0;39m [35m4964[0;39m [2m---[0;39m [2m[nio-9999-exec-9][0;39m [36mc.ssafy.vue.controller.BoardController  [0;39m [2m:[0;39m listTodo - 호출
[2m2022-11-22 01:22:29.533[0;39m [32m INFO[0;39m [35m4964[0;39m [2m---[0;39m [2m[nio-9999-exec-1][0;39m [36mc.ssafy.vue.controller.BoardController  [0;39m [2m:[0;39m listTodo - 호출
[2m2022-11-22 01:22:36.698[0;39m [32m INFO[0;39m [35m4964[0;39m [2m---[0;39m [2m[nio-9999-exec-3][0;39m [36mc.ssafy.vue.controller.BoardController  [0;39m [2m:[0;39m writeTodo - 호출
[2m2022-11-22 01:23:05.194[0;39m [31mERROR[0;39m [35m4964[0;39m [2m---[0;39m [2m[nio-9999-exec-4][0;39m [36mo.a.c.c.C.[.[.[.[dispatcherServlet]     [0;39m [2m:[0;39m Servlet.service() for servlet [dispatcherServlet] in context with path [/vue] threw exception [Request processing failed; nested exception is java.lang.IllegalStateException: No primary or single unique constructor found for interface java.util.List] with root cause

java.lang.IllegalStateException: No primary or single unique constructor found for interface java.util.List
	at org.springframework.beans.BeanUtils.getResolvableConstructor(BeanUtils.java:267)
	at org.springframework.web.method.annotation.ModelAttributeMethodProcessor.createAttribute(ModelAttributeMethodProcessor.java:219)
	at org.springframework.web.servlet.mvc.method.annotation.ServletModelAttributeMethodProcessor.createAttribute(ServletModelAttributeMethodProcessor.java:85)
	at org.springframework.web.method.annotation.ModelAttributeMethodProcessor.resolveArgument(ModelAttributeMethodProcessor.java:147)
	at org.springframework.web.method.support.HandlerMethodArgumentResolverComposite.resolveArgument(HandlerMethodArgumentResolverComposite.java:122)
	at org.springframework.web.method.support.InvocableHandlerMethod.getMethodArgumentValues(InvocableHandlerMethod.java:179)
	at org.springframework.web.method.support.InvocableHandlerMethod.invokeForRequest(InvocableHandlerMethod.java:146)
	at org.springframework.web.servlet.mvc.method.annotation.ServletInvocableHandlerMethod.invokeAndHandle(ServletInvocableHandlerMethod.java:117)
	at org.springframework.web.servlet.mvc.method.annotation.RequestMappingHandlerAdapter.invokeHandlerMethod(RequestMappingHandlerAdapter.java:895)
	at org.springframework.web.servlet.mvc.method.annotation.RequestMappingHandlerAdapter.handleInternal(RequestMappingHandlerAdapter.java:808)
	at org.springframework.web.servlet.mvc.method.AbstractHandlerMethodAdapter.handle(AbstractHandlerMethodAdapter.java:87)
	at org.springframework.web.servlet.DispatcherServlet.doDispatch(DispatcherServlet.java:1071)
	at org.springframework.web.servlet.DispatcherServlet.doService(DispatcherServlet.java:964)
	at org.springframework.web.servlet.FrameworkServlet.processRequest(FrameworkServlet.java:1006)
	at org.springframework.web.servlet.FrameworkServlet.doDelete(FrameworkServlet.java:931)
	at javax.servlet.http.HttpServlet.service(HttpServlet.java:702)
	at org.springframework.web.servlet.FrameworkServlet.service(FrameworkServlet.java:883)
	at javax.servlet.http.HttpServlet.service(HttpServlet.java:779)
	at org.apache.catalina.core.ApplicationFilterChain.internalDoFilter(ApplicationFilterChain.java:227)
	at org.apache.catalina.core.ApplicationFilterChain.doFilter(ApplicationFilterChain.java:162)
	at org.apache.tomcat.websocket.server.WsFilter.doFilter(WsFilter.java:53)
	at org.apache.catalina.core.ApplicationFilterChain.internalDoFilter(ApplicationFilterChain.java:189)
	at org.apache.catalina.core.ApplicationFilterChain.doFilter(ApplicationFilterChain.java:162)
	at org.springframework.web.filter.CharacterEncodingFilter.doFilterInternal(CharacterEncodingFilter.java:201)
	at org.springframework.web.filter.OncePerRequestFilter.doFilter(OncePerRequestFilter.java:117)
	at org.apache.catalina.core.ApplicationFilterChain.internalDoFilter(ApplicationFilterChain.java:189)
	at org.apache.catalina.core.ApplicationFilterChain.doFilter(ApplicationFilterChain.java:162)
	at org.apache.catalina.core.StandardWrapperValve.invoke(StandardWrapperValve.java:197)
	at org.apache.catalina.core.StandardContextValve.invoke(StandardContextValve.java:97)
	at org.apache.catalina.authenticator.AuthenticatorBase.invoke(AuthenticatorBase.java:541)
	at org.apache.catalina.core.StandardHostValve.invoke(StandardHostValve.java:135)
	at org.apache.catalina.valves.ErrorReportValve.invoke(ErrorReportValve.java:92)
	at org.apache.catalina.core.StandardEngineValve.invoke(StandardEngineValve.java:78)
	at org.apache.catalina.connector.CoyoteAdapter.service(CoyoteAdapter.java:360)
	at org.apache.coyote.http11.Http11Processor.service(Http11Processor.java:399)
	at org.apache.coyote.AbstractProcessorLight.process(AbstractProcessorLight.java:65)
	at org.apache.coyote.AbstractProtocol$ConnectionHandler.process(AbstractProtocol.java:893)
	at org.apache.tomcat.util.net.NioEndpoint$SocketProcessor.doRun(NioEndpoint.java:1789)
	at org.apache.tomcat.util.net.SocketProcessorBase.run(SocketProcessorBase.java:49)
	at org.apache.tomcat.util.threads.ThreadPoolExecutor.runWorker(ThreadPoolExecutor.java:1191)
	at org.apache.tomcat.util.threads.ThreadPoolExecutor$Worker.run(ThreadPoolExecutor.java:659)
	at org.apache.tomcat.util.threads.TaskThread$WrappingRunnable.run(TaskThread.java:61)
	at java.base/java.lang.Thread.run(Thread.java:833)

[2m2022-11-22 01:23:05.791[0;39m [31mERROR[0;39m [35m4964[0;39m [2m---[0;39m [2m[nio-9999-exec-5][0;39m [36mo.a.c.c.C.[.[.[.[dispatcherServlet]     [0;39m [2m:[0;39m Servlet.service() for servlet [dispatcherServlet] in context with path [/vue] threw exception [Request processing failed; nested exception is java.lang.IllegalStateException: No primary or single unique constructor found for interface java.util.List] with root cause

java.lang.IllegalStateException: No primary or single unique constructor found for interface java.util.List
	at org.springframework.beans.BeanUtils.getResolvableConstructor(BeanUtils.java:267)
	at org.springframework.web.method.annotation.ModelAttributeMethodProcessor.createAttribute(ModelAttributeMethodProcessor.java:219)
	at org.springframework.web.servlet.mvc.method.annotation.ServletModelAttributeMethodProcessor.createAttribute(ServletModelAttributeMethodProcessor.java:85)
	at org.springframework.web.method.annotation.ModelAttributeMethodProcessor.resolveArgument(ModelAttributeMethodProcessor.java:147)
	at org.springframework.web.method.support.HandlerMethodArgumentResolverComposite.resolveArgument(HandlerMethodArgumentResolverComposite.java:122)
	at org.springframework.web.method.support.InvocableHandlerMethod.getMethodArgumentValues(InvocableHandlerMethod.java:179)
	at org.springframework.web.method.support.InvocableHandlerMethod.invokeForRequest(InvocableHandlerMethod.java:146)
	at org.springframework.web.servlet.mvc.method.annotation.ServletInvocableHandlerMethod.invokeAndHandle(ServletInvocableHandlerMethod.java:117)
	at org.springframework.web.servlet.mvc.method.annotation.RequestMappingHandlerAdapter.invokeHandlerMethod(RequestMappingHandlerAdapter.java:895)
	at org.springframework.web.servlet.mvc.method.annotation.RequestMappingHandlerAdapter.handleInternal(RequestMappingHandlerAdapter.java:808)
	at org.springframework.web.servlet.mvc.method.AbstractHandlerMethodAdapter.handle(AbstractHandlerMethodAdapter.java:87)
	at org.springframework.web.servlet.DispatcherServlet.doDispatch(DispatcherServlet.java:1071)
	at org.springframework.web.servlet.DispatcherServlet.doService(DispatcherServlet.java:964)
	at org.springframework.web.servlet.FrameworkServlet.processRequest(FrameworkServlet.java:1006)
	at org.springframework.web.servlet.FrameworkServlet.doDelete(FrameworkServlet.java:931)
	at javax.servlet.http.HttpServlet.service(HttpServlet.java:702)
	at org.springframework.web.servlet.FrameworkServlet.service(FrameworkServlet.java:883)
	at javax.servlet.http.HttpServlet.service(HttpServlet.java:779)
	at org.apache.catalina.core.ApplicationFilterChain.internalDoFilter(ApplicationFilterChain.java:227)
	at org.apache.catalina.core.ApplicationFilterChain.doFilter(ApplicationFilterChain.java:162)
	at org.apache.tomcat.websocket.server.WsFilter.doFilter(WsFilter.java:53)
	at org.apache.catalina.core.ApplicationFilterChain.internalDoFilter(ApplicationFilterChain.java:189)
	at org.apache.catalina.core.ApplicationFilterChain.doFilter(ApplicationFilterChain.java:162)
	at org.springframework.web.filter.CharacterEncodingFilter.doFilterInternal(CharacterEncodingFilter.java:201)
	at org.springframework.web.filter.OncePerRequestFilter.doFilter(OncePerRequestFilter.java:117)
	at org.apache.catalina.core.ApplicationFilterChain.internalDoFilter(ApplicationFilterChain.java:189)
	at org.apache.catalina.core.ApplicationFilterChain.doFilter(ApplicationFilterChain.java:162)
	at org.apache.catalina.core.StandardWrapperValve.invoke(StandardWrapperValve.java:197)
	at org.apache.catalina.core.StandardContextValve.invoke(StandardContextValve.java:97)
	at org.apache.catalina.authenticator.AuthenticatorBase.invoke(AuthenticatorBase.java:541)
	at org.apache.catalina.core.StandardHostValve.invoke(StandardHostValve.java:135)
	at org.apache.catalina.valves.ErrorReportValve.invoke(ErrorReportValve.java:92)
	at org.apache.catalina.core.StandardEngineValve.invoke(StandardEngineValve.java:78)
	at org.apache.catalina.connector.CoyoteAdapter.service(CoyoteAdapter.java:360)
	at org.apache.coyote.http11.Http11Processor.service(Http11Processor.java:399)
	at org.apache.coyote.AbstractProcessorLight.process(AbstractProcessorLight.java:65)
	at org.apache.coyote.AbstractProtocol$ConnectionHandler.process(AbstractProtocol.java:893)
	at org.apache.tomcat.util.net.NioEndpoint$SocketProcessor.doRun(NioEndpoint.java:1789)
	at org.apache.tomcat.util.net.SocketProcessorBase.run(SocketProcessorBase.java:49)
	at org.apache.tomcat.util.threads.ThreadPoolExecutor.runWorker(ThreadPoolExecutor.java:1191)
	at org.apache.tomcat.util.threads.ThreadPoolExecutor$Worker.run(ThreadPoolExecutor.java:659)
	at org.apache.tomcat.util.threads.TaskThread$WrappingRunnable.run(TaskThread.java:61)
	at java.base/java.lang.Thread.run(Thread.java:833)

[2m2022-11-22 01:23:18.422[0;39m [32m INFO[0;39m [35m4964[0;39m [2m---[0;39m [2m[nio-9999-exec-6][0;39m [36mc.ssafy.vue.controller.BoardController  [0;39m [2m:[0;39m listTodo - 호출
[2m2022-11-22 01:24:54.937[0;39m [32m INFO[0;39m [35m4964[0;39m [2m---[0;39m [2m[nio-9999-exec-8][0;39m [36mc.ssafy.vue.controller.BoardController  [0;39m [2m:[0;39m writeTodo - 호출
[2m2022-11-22 01:26:31.184[0;39m [32m INFO[0;39m [35m4964[0;39m [2m---[0;39m [2m[io-9999-exec-10][0;39m [36mc.ssafy.vue.controller.BoardController  [0;39m [2m:[0;39m writeTodo - 호출
[2m2022-11-22 01:26:34.410[0;39m [32m INFO[0;39m [35m4964[0;39m [2m---[0;39m [2m[nio-9999-exec-1][0;39m [36mc.ssafy.vue.controller.BoardController  [0;39m [2m:[0;39m listTodo - 호출
[2m2022-11-22 01:28:06.411[0;39m [32m INFO[0;39m [35m4964[0;39m [2m---[0;39m [2m[nio-9999-exec-3][0;39m [36mc.ssafy.vue.controller.BoardController  [0;39m [2m:[0;39m writeTodo - 호출
[2m2022-11-22 01:29:22.673[0;39m [32m INFO[0;39m [35m4964[0;39m [2m---[0;39m [2m[nio-9999-exec-5][0;39m [36mc.ssafy.vue.controller.BoardController  [0;39m [2m:[0;39m listTodo - 호출
[2m2022-11-22 01:29:27.811[0;39m [32m INFO[0;39m [35m4964[0;39m [2m---[0;39m [2m[nio-9999-exec-6][0;39m [36mc.ssafy.vue.controller.BoardController  [0;39m [2m:[0;39m writeTodo - 호출
[2m2022-11-22 01:29:27.841[0;39m [32m INFO[0;39m [35m4964[0;39m [2m---[0;39m [2m[nio-9999-exec-7][0;39m [36mc.ssafy.vue.controller.BoardController  [0;39m [2m:[0;39m listTodo - 호출
[2m2022-11-22 01:30:43.672[0;39m [32m INFO[0;39m [35m4964[0;39m [2m---[0;39m [2m[nio-9999-exec-9][0;39m [36mc.ssafy.vue.controller.BoardController  [0;39m [2m:[0;39m listTodo - 호출
[2m2022-11-22 01:30:48.112[0;39m [32m INFO[0;39m [35m4964[0;39m [2m---[0;39m [2m[io-9999-exec-10][0;39m [36mc.ssafy.vue.controller.BoardController  [0;39m [2m:[0;39m writeTodo - 호출
[2m2022-11-22 01:30:51.727[0;39m [32m INFO[0;39m [35m4964[0;39m [2m---[0;39m [2m[nio-9999-exec-1][0;39m [36mc.ssafy.vue.controller.BoardController  [0;39m [2m:[0;39m listTodo - 호출
[2m2022-11-22 01:32:56.064[0;39m [32m INFO[0;39m [35m4964[0;39m [2m---[0;39m [2m[nio-9999-exec-3][0;39m [36mc.ssafy.vue.controller.BoardController  [0;39m [2m:[0;39m listTodo - 호출
[2m2022-11-22 01:33:03.160[0;39m [32m INFO[0;39m [35m4964[0;39m [2m---[0;39m [2m[nio-9999-exec-4][0;39m [36mc.ssafy.vue.controller.BoardController  [0;39m [2m:[0;39m listTodo - 호출
[2m2022-11-22 01:35:22.421[0;39m [32m INFO[0;39m [35m4964[0;39m [2m---[0;39m [2m[nio-9999-exec-6][0;39m [36mc.ssafy.vue.controller.BoardController  [0;39m [2m:[0;39m listTodo - 호출
[2m2022-11-22 01:35:36.480[0;39m [32m INFO[0;39m [35m4964[0;39m [2m---[0;39m [2m[nio-9999-exec-7][0;39m [36mc.ssafy.vue.controller.BoardController  [0;39m [2m:[0;39m listTodo - 호출
[2m2022-11-22 01:39:56.714[0;39m [32m INFO[0;39m [35m4964[0;39m [2m---[0;39m [2m[nio-9999-exec-9][0;39m [36mc.ssafy.vue.controller.BoardController  [0;39m [2m:[0;39m listTodo - 호출
[2m2022-11-22 01:40:58.612[0;39m [32m INFO[0;39m [35m4964[0;39m [2m---[0;39m [2m[nio-9999-exec-1][0;39m [36mc.ssafy.vue.controller.BoardController  [0;39m [2m:[0;39m listTodo - 호출
[2m2022-11-22 01:41:41.084[0;39m [32m INFO[0;39m [35m4964[0;39m [2m---[0;39m [2m[nio-9999-exec-2][0;39m [36mc.ssafy.vue.controller.BoardController  [0;39m [2m:[0;39m listTodo - 호출
[2m2022-11-22 01:42:08.348[0;39m [32m INFO[0;39m [35m4964[0;39m [2m---[0;39m [2m[nio-9999-exec-3][0;39m [36mc.ssafy.vue.controller.BoardController  [0;39m [2m:[0;39m listTodo - 호출
[2m2022-11-22 01:44:20.395[0;39m [31mERROR[0;39m [35m4964[0;39m [2m---[0;39m [2m[nio-9999-exec-5][0;39m [36mo.a.c.c.C.[.[.[.[dispatcherServlet]     [0;39m [2m:[0;39m Servlet.service() for servlet [dispatcherServlet] in context with path [/vue] threw exception [Request processing failed; nested exception is java.lang.IllegalStateException: No primary or single unique constructor found for interface java.util.List] with root cause

java.lang.IllegalStateException: No primary or single unique constructor found for interface java.util.List
	at org.springframework.beans.BeanUtils.getResolvableConstructor(BeanUtils.java:267)
	at org.springframework.web.method.annotation.ModelAttributeMethodProcessor.createAttribute(ModelAttributeMethodProcessor.java:219)
	at org.springframework.web.servlet.mvc.method.annotation.ServletModelAttributeMethodProcessor.createAttribute(ServletModelAttributeMethodProcessor.java:85)
	at org.springframework.web.method.annotation.ModelAttributeMethodProcessor.resolveArgument(ModelAttributeMethodProcessor.java:147)
	at org.springframework.web.method.support.HandlerMethodArgumentResolverComposite.resolveArgument(HandlerMethodArgumentResolverComposite.java:122)
	at org.springframework.web.method.support.InvocableHandlerMethod.getMethodArgumentValues(InvocableHandlerMethod.java:179)
	at org.springframework.web.method.support.InvocableHandlerMethod.invokeForRequest(InvocableHandlerMethod.java:146)
	at org.springframework.web.servlet.mvc.method.annotation.ServletInvocableHandlerMethod.invokeAndHandle(ServletInvocableHandlerMethod.java:117)
	at org.springframework.web.servlet.mvc.method.annotation.RequestMappingHandlerAdapter.invokeHandlerMethod(RequestMappingHandlerAdapter.java:895)
	at org.springframework.web.servlet.mvc.method.annotation.RequestMappingHandlerAdapter.handleInternal(RequestMappingHandlerAdapter.java:808)
	at org.springframework.web.servlet.mvc.method.AbstractHandlerMethodAdapter.handle(AbstractHandlerMethodAdapter.java:87)
	at org.springframework.web.servlet.DispatcherServlet.doDispatch(DispatcherServlet.java:1071)
	at org.springframework.web.servlet.DispatcherServlet.doService(DispatcherServlet.java:964)
	at org.springframework.web.servlet.FrameworkServlet.processRequest(FrameworkServlet.java:1006)
	at org.springframework.web.servlet.FrameworkServlet.doDelete(FrameworkServlet.java:931)
	at javax.servlet.http.HttpServlet.service(HttpServlet.java:702)
	at org.springframework.web.servlet.FrameworkServlet.service(FrameworkServlet.java:883)
	at javax.servlet.http.HttpServlet.service(HttpServlet.java:779)
	at org.apache.catalina.core.ApplicationFilterChain.internalDoFilter(ApplicationFilterChain.java:227)
	at org.apache.catalina.core.ApplicationFilterChain.doFilter(ApplicationFilterChain.java:162)
	at org.apache.tomcat.websocket.server.WsFilter.doFilter(WsFilter.java:53)
	at org.apache.catalina.core.ApplicationFilterChain.internalDoFilter(ApplicationFilterChain.java:189)
	at org.apache.catalina.core.ApplicationFilterChain.doFilter(ApplicationFilterChain.java:162)
	at org.springframework.web.filter.CharacterEncodingFilter.doFilterInternal(CharacterEncodingFilter.java:201)
	at org.springframework.web.filter.OncePerRequestFilter.doFilter(OncePerRequestFilter.java:117)
	at org.apache.catalina.core.ApplicationFilterChain.internalDoFilter(ApplicationFilterChain.java:189)
	at org.apache.catalina.core.ApplicationFilterChain.doFilter(ApplicationFilterChain.java:162)
	at org.apache.catalina.core.StandardWrapperValve.invoke(StandardWrapperValve.java:197)
	at org.apache.catalina.core.StandardContextValve.invoke(StandardContextValve.java:97)
	at org.apache.catalina.authenticator.AuthenticatorBase.invoke(AuthenticatorBase.java:541)
	at org.apache.catalina.core.StandardHostValve.invoke(StandardHostValve.java:135)
	at org.apache.catalina.valves.ErrorReportValve.invoke(ErrorReportValve.java:92)
	at org.apache.catalina.core.StandardEngineValve.invoke(StandardEngineValve.java:78)
	at org.apache.catalina.connector.CoyoteAdapter.service(CoyoteAdapter.java:360)
	at org.apache.coyote.http11.Http11Processor.service(Http11Processor.java:399)
	at org.apache.coyote.AbstractProcessorLight.process(AbstractProcessorLight.java:65)
	at org.apache.coyote.AbstractProtocol$ConnectionHandler.process(AbstractProtocol.java:893)
	at org.apache.tomcat.util.net.NioEndpoint$SocketProcessor.doRun(NioEndpoint.java:1789)
	at org.apache.tomcat.util.net.SocketProcessorBase.run(SocketProcessorBase.java:49)
	at org.apache.tomcat.util.threads.ThreadPoolExecutor.runWorker(ThreadPoolExecutor.java:1191)
	at org.apache.tomcat.util.threads.ThreadPoolExecutor$Worker.run(ThreadPoolExecutor.java:659)
	at org.apache.tomcat.util.threads.TaskThread$WrappingRunnable.run(TaskThread.java:61)
	at java.base/java.lang.Thread.run(Thread.java:833)

[2m2022-11-22 01:45:06.692[0;39m [32m INFO[0;39m [35m4964[0;39m [2m---[0;39m [2m[nio-9999-exec-6][0;39m [36mc.ssafy.vue.controller.BoardController  [0;39m [2m:[0;39m listTodo - 호출
[2m2022-11-22 01:45:54.539[0;39m [32m INFO[0;39m [35m4964[0;39m [2m---[0;39m [2m[nio-9999-exec-7][0;39m [36mc.ssafy.vue.controller.BoardController  [0;39m [2m:[0;39m listTodo - 호출
[2m2022-11-22 01:48:29.206[0;39m [32m INFO[0;39m [35m4964[0;39m [2m---[0;39m [2m[nio-9999-exec-9][0;39m [36mc.ssafy.vue.controller.BoardController  [0;39m [2m:[0;39m listTodo - 호출
[2m2022-11-22 01:48:34.498[0;39m [32m INFO[0;39m [35m4964[0;39m [2m---[0;39m [2m[io-9999-exec-10][0;39m [36mc.ssafy.vue.controller.BoardController  [0;39m [2m:[0;39m listTodo - 호출
[2m2022-11-22 01:48:42.305[0;39m [32m INFO[0;39m [35m4964[0;39m [2m---[0;39m [2m[nio-9999-exec-1][0;39m [36mc.ssafy.vue.controller.BoardController  [0;39m [2m:[0;39m listTodo - 호출
[2m2022-11-22 01:51:45.614[0;39m [32m INFO[0;39m [35m4964[0;39m [2m---[0;39m [2m[nio-9999-exec-3][0;39m [36mc.ssafy.vue.controller.BoardController  [0;39m [2m:[0;39m listTodo - 호출
[2m2022-11-22 01:54:23.434[0;39m [32m INFO[0;39m [35m4964[0;39m [2m---[0;39m [2m[nio-9999-exec-5][0;39m [36mc.ssafy.vue.controller.BoardController  [0;39m [2m:[0;39m listTodo - 호출
[2m2022-11-22 01:55:16.577[0;39m [32m INFO[0;39m [35m4964[0;39m [2m---[0;39m [2m[nio-9999-exec-6][0;39m [36mc.ssafy.vue.controller.BoardController  [0;39m [2m:[0;39m listTodo - 호출
[2m2022-11-22 01:55:52.718[0;39m [32m INFO[0;39m [35m4964[0;39m [2m---[0;39m [2m[nio-9999-exec-7][0;39m [36mc.ssafy.vue.controller.BoardController  [0;39m [2m:[0;39m listTodo - 호출
[2m2022-11-22 02:09:21.633[0;39m [32m INFO[0;39m [35m4964[0;39m [2m---[0;39m [2m[n(97)-127.0.0.1][0;39m [36minMXBeanRegistrar$SpringApplicationAdmin[0;39m [2m:[0;39m Application shutdown requested.
[2m2022-11-22 02:09:24.390[0;39m [33m WARN[0;39m [35m4964[0;39m [2m---[0;39m [2m[n(97)-127.0.0.1][0;39m [36mo.a.c.loader.WebappClassLoaderBase      [0;39m [2m:[0;39m The web application [vue] appears to have started a thread named [HikariPool-1 housekeeper] but has failed to stop it. This is very likely to create a memory leak. Stack trace of thread:
 java.base@17.0.4.1/jdk.internal.misc.Unsafe.park(Native Method)
 java.base@17.0.4.1/java.util.concurrent.locks.LockSupport.parkNanos(LockSupport.java:252)
 java.base@17.0.4.1/java.util.concurrent.locks.AbstractQueuedSynchronizer$ConditionObject.awaitNanos(AbstractQueuedSynchronizer.java:1672)
 java.base@17.0.4.1/java.util.concurrent.ScheduledThreadPoolExecutor$DelayedWorkQueue.take(ScheduledThreadPoolExecutor.java:1182)
 java.base@17.0.4.1/java.util.concurrent.ScheduledThreadPoolExecutor$DelayedWorkQueue.take(ScheduledThreadPoolExecutor.java:899)
 java.base@17.0.4.1/java.util.concurrent.ThreadPoolExecutor.getTask(ThreadPoolExecutor.java:1062)
 java.base@17.0.4.1/java.util.concurrent.ThreadPoolExecutor.runWorker(ThreadPoolExecutor.java:1122)
 java.base@17.0.4.1/java.util.concurrent.ThreadPoolExecutor$Worker.run(ThreadPoolExecutor.java:635)
 java.base@17.0.4.1/java.lang.Thread.run(Thread.java:833)
[2m2022-11-22 02:09:24.391[0;39m [33m WARN[0;39m [35m4964[0;39m [2m---[0;39m [2m[n(97)-127.0.0.1][0;39m [36mo.a.c.loader.WebappClassLoaderBase      [0;39m [2m:[0;39m The web application [vue] appears to have started a thread named [HikariPool-1 connection closer] but has failed to stop it. This is very likely to create a memory leak. Stack trace of thread:
 java.base@17.0.4.1/jdk.internal.misc.Unsafe.park(Native Method)
 java.base@17.0.4.1/java.util.concurrent.locks.LockSupport.parkNanos(LockSupport.java:252)
 java.base@17.0.4.1/java.util.concurrent.locks.AbstractQueuedSynchronizer$ConditionObject.awaitNanos(AbstractQueuedSynchronizer.java:1672)
 java.base@17.0.4.1/java.util.concurrent.LinkedBlockingQueue.poll(LinkedBlockingQueue.java:460)
 java.base@17.0.4.1/java.util.concurrent.ThreadPoolExecutor.getTask(ThreadPoolExecutor.java:1061)
 java.base@17.0.4.1/java.util.concurrent.ThreadPoolExecutor.runWorker(ThreadPoolExecutor.java:1122)
 java.base@17.0.4.1/java.util.concurrent.ThreadPoolExecutor$Worker.run(ThreadPoolExecutor.java:635)
 java.base@17.0.4.1/java.lang.Thread.run(Thread.java:833)
[2m2022-11-22 02:09:24.392[0;39m [33m WARN[0;39m [35m4964[0;39m [2m---[0;39m [2m[n(97)-127.0.0.1][0;39m [36mo.a.c.loader.WebappClassLoaderBase      [0;39m [2m:[0;39m The web application [vue] appears to have started a thread named [HikariPool-1 connection adder] but has failed to stop it. This is very likely to create a memory leak. Stack trace of thread:
 java.base@17.0.4.1/jdk.internal.misc.Unsafe.park(Native Method)
 java.base@17.0.4.1/java.util.concurrent.locks.LockSupport.parkNanos(LockSupport.java:252)
 java.base@17.0.4.1/java.util.concurrent.locks.AbstractQueuedSynchronizer$ConditionObject.awaitNanos(AbstractQueuedSynchronizer.java:1672)
 java.base@17.0.4.1/java.util.concurrent.LinkedBlockingQueue.poll(LinkedBlockingQueue.java:460)
 java.base@17.0.4.1/java.util.concurrent.ThreadPoolExecutor.getTask(ThreadPoolExecutor.java:1061)
 java.base@17.0.4.1/java.util.concurrent.ThreadPoolExecutor.runWorker(ThreadPoolExecutor.java:1122)
 java.base@17.0.4.1/java.util.concurrent.ThreadPoolExecutor$Worker.run(ThreadPoolExecutor.java:635)
 java.base@17.0.4.1/java.lang.Thread.run(Thread.java:833)
