[2m2022-11-20 22:24:35.158[0;39m [32m INFO[0;39m [35m16068[0;39m [2m---[0;39m [2m[           main][0;39m [36mo.s.b.w.embedded.tomcat.TomcatWebServer [0;39m [2m:[0;39m Tomcat initialized with port(s): 9999 (http)
[2m2022-11-20 22:24:35.408[0;39m [32m INFO[0;39m [35m16068[0;39m [2m---[0;39m [2m[           main][0;39m [36mw.s.c.ServletWebServerApplicationContext[0;39m [2m:[0;39m Root WebApplicationContext: initialization completed in 2017 ms
[2m2022-11-20 22:24:36.953[0;39m [32m INFO[0;39m [35m16068[0;39m [2m---[0;39m [2m[           main][0;39m [36mo.s.b.w.embedded.tomcat.TomcatWebServer [0;39m [2m:[0;39m Tomcat started on port(s): 9999 (http) with context path '/vue'
[2m2022-11-20 22:28:35.504[0;39m [32m INFO[0;39m [35m16068[0;39m [2m---[0;39m [2m[nio-9999-exec-1][0;39m [36mo.s.web.servlet.DispatcherServlet       [0;39m [2m:[0;39m Initializing Servlet 'dispatcherServlet'
[2m2022-11-20 22:28:35.508[0;39m [32m INFO[0;39m [35m16068[0;39m [2m---[0;39m [2m[nio-9999-exec-1][0;39m [36mo.s.web.servlet.DispatcherServlet       [0;39m [2m:[0;39m Completed initialization in 3 ms
[2m2022-11-20 22:28:35.700[0;39m [32m INFO[0;39m [35m16068[0;39m [2m---[0;39m [2m[nio-9999-exec-1][0;39m [36mc.ssafy.vue.controller.BoardController  [0;39m [2m:[0;39m listArticle - 호출
[2m2022-11-20 22:29:04.518[0;39m [32mDEBUG[0;39m [35m16068[0;39m [2m---[0;39m [2m[nio-9999-exec-3][0;39m [36mc.ssafy.vue.controller.MemberController [0;39m [2m:[0;39m 로그인 accessToken 정보 : eyJ0eXAiOiJKV1QiLCJyZWdEYXRlIjoxNjY4OTUwOTQ0NDM1LCJhbGciOiJIUzI1NiJ9.eyJleHAiOjE2Njg5NTA5NTQsInN1YiI6ImFjY2Vzcy10b2tlbiIsInVzZXJpZCI6InNzYWZ5In0.LzDy8fVCMCjV6XvYGxr6wwzEhRq5Y2dpA4z4M1mGrtY
[2m2022-11-20 22:29:04.520[0;39m [32mDEBUG[0;39m [35m16068[0;39m [2m---[0;39m [2m[nio-9999-exec-3][0;39m [36mc.ssafy.vue.controller.MemberController [0;39m [2m:[0;39m 로그인 refreshToken 정보 : eyJ0eXAiOiJKV1QiLCJyZWdEYXRlIjoxNjY4OTUwOTQ0NDgxLCJhbGciOiJIUzI1NiJ9.eyJleHAiOjE2Njg5NTA5NzQsInN1YiI6InJlZnJlc2gtdG9rZW4iLCJ1c2VyaWQiOiJzc2FmeSJ9.UJJVwMnfwzdW6oTSCaJX533tNzfTanYt6-gRhdb7_go
[2m2022-11-20 22:29:04.563[0;39m [32m INFO[0;39m [35m16068[0;39m [2m---[0;39m [2m[nio-9999-exec-5][0;39m [36mc.ssafy.vue.controller.MemberController [0;39m [2m:[0;39m 사용 가능한 토큰!!!
[2m2022-11-20 22:29:12.110[0;39m [32m INFO[0;39m [35m16068[0;39m [2m---[0;39m [2m[nio-9999-exec-6][0;39m [36mc.ssafy.vue.controller.MemberController [0;39m [2m:[0;39m 사용 가능한 토큰!!!
[2m2022-11-20 22:29:23.082[0;39m [32m INFO[0;39m [35m16068[0;39m [2m---[0;39m [2m[nio-9999-exec-7][0;39m [36mc.ssafy.vue.controller.BoardController  [0;39m [2m:[0;39m listArticle - 호출
[2m2022-11-20 22:29:24.984[0;39m [31mERROR[0;39m [35m16068[0;39m [2m---[0;39m [2m[nio-9999-exec-8][0;39m [36mc.s.vue.model.service.JwtServiceImpl    [0;39m [2m:[0;39m JWT expired at 2022-11-20T22:29:14Z. Current time: 2022-11-20T22:29:24Z, a difference of 10983 milliseconds.  Allowed clock skew: 0 milliseconds.
[2m2022-11-20 22:29:24.984[0;39m [31mERROR[0;39m [35m16068[0;39m [2m---[0;39m [2m[nio-9999-exec-8][0;39m [36mc.ssafy.vue.controller.MemberController [0;39m [2m:[0;39m 사용 불가능 토큰!!!
[2m2022-11-20 22:29:25.001[0;39m [32mDEBUG[0;39m [35m16068[0;39m [2m---[0;39m [2m[io-9999-exec-10][0;39m [36mc.ssafy.vue.controller.MemberController [0;39m [2m:[0;39m token : eyJ0eXAiOiJKV1QiLCJyZWdEYXRlIjoxNjY4OTUwOTQ0NDgxLCJhbGciOiJIUzI1NiJ9.eyJleHAiOjE2Njg5NTA5NzQsInN1YiI6InJlZnJlc2gtdG9rZW4iLCJ1c2VyaWQiOiJzc2FmeSJ9.UJJVwMnfwzdW6oTSCaJX533tNzfTanYt6-gRhdb7_go, memberDto : com.ssafy.vue.model.MemberDto@3b021fc2
[2m2022-11-20 22:29:25.008[0;39m [32mDEBUG[0;39m [35m16068[0;39m [2m---[0;39m [2m[io-9999-exec-10][0;39m [36mc.ssafy.vue.controller.MemberController [0;39m [2m:[0;39m token : eyJ0eXAiOiJKV1QiLCJyZWdEYXRlIjoxNjY4OTUwOTY1MDA4LCJhbGciOiJIUzI1NiJ9.eyJleHAiOjE2Njg5NTA5NzUsInN1YiI6ImFjY2Vzcy10b2tlbiIsInVzZXJpZCI6InNzYWZ5In0.sLq2X9ZAT7tH_5vJVoXZx1C3jHdp4zaXWe7q-5aGR_w
[2m2022-11-20 22:29:25.008[0;39m [32mDEBUG[0;39m [35m16068[0;39m [2m---[0;39m [2m[io-9999-exec-10][0;39m [36mc.ssafy.vue.controller.MemberController [0;39m [2m:[0;39m 정상적으로 액세스토큰 재발급!!!
[2m2022-11-20 22:29:25.037[0;39m [32m INFO[0;39m [35m16068[0;39m [2m---[0;39m [2m[nio-9999-exec-1][0;39m [36mc.ssafy.vue.controller.BoardController  [0;39m [2m:[0;39m getArticle - 호출 : 4
[2m2022-11-20 22:29:27.165[0;39m [32m INFO[0;39m [35m16068[0;39m [2m---[0;39m [2m[nio-9999-exec-3][0;39m [36mc.ssafy.vue.controller.MemberController [0;39m [2m:[0;39m 사용 가능한 토큰!!!
[2m2022-11-20 22:29:27.259[0;39m [32m INFO[0;39m [35m16068[0;39m [2m---[0;39m [2m[nio-9999-exec-4][0;39m [36mc.ssafy.vue.controller.BoardController  [0;39m [2m:[0;39m getArticle - 호출 : 4
[2m2022-11-20 22:29:29.773[0;39m [32m INFO[0;39m [35m16068[0;39m [2m---[0;39m [2m[nio-9999-exec-5][0;39m [36mc.ssafy.vue.controller.BoardController  [0;39m [2m:[0;39m listArticle - 호출
[2m2022-11-20 22:29:30.894[0;39m [32m INFO[0;39m [35m16068[0;39m [2m---[0;39m [2m[nio-9999-exec-6][0;39m [36mc.ssafy.vue.controller.MemberController [0;39m [2m:[0;39m 사용 가능한 토큰!!!
[2m2022-11-20 22:29:30.950[0;39m [32m INFO[0;39m [35m16068[0;39m [2m---[0;39m [2m[nio-9999-exec-7][0;39m [36mc.ssafy.vue.controller.BoardController  [0;39m [2m:[0;39m getArticle - 호출 : 4
[2m2022-11-20 22:29:32.966[0;39m [32m INFO[0;39m [35m16068[0;39m [2m---[0;39m [2m[nio-9999-exec-8][0;39m [36mc.ssafy.vue.controller.BoardController  [0;39m [2m:[0;39m listArticle - 호출
[2m2022-11-20 23:33:04.218[0;39m [32m INFO[0;39m [35m16068[0;39m [2m---[0;39m [2m[io-9999-exec-10][0;39m [36mc.ssafy.vue.controller.BoardController  [0;39m [2m:[0;39m listArticle - 호출
[2m2022-11-20 23:33:05.250[0;39m [31mERROR[0;39m [35m16068[0;39m [2m---[0;39m [2m[nio-9999-exec-2][0;39m [36mc.s.vue.model.service.JwtServiceImpl    [0;39m [2m:[0;39m JWT expired at 2022-11-20T22:29:35Z. Current time: 2022-11-20T23:33:05Z, a difference of 3810249 milliseconds.  Allowed clock skew: 0 milliseconds.
[2m2022-11-20 23:33:05.252[0;39m [31mERROR[0;39m [35m16068[0;39m [2m---[0;39m [2m[nio-9999-exec-2][0;39m [36mc.ssafy.vue.controller.MemberController [0;39m [2m:[0;39m 사용 불가능 토큰!!!
[2m2022-11-20 23:33:05.267[0;39m [32mDEBUG[0;39m [35m16068[0;39m [2m---[0;39m [2m[nio-9999-exec-4][0;39m [36mc.ssafy.vue.controller.MemberController [0;39m [2m:[0;39m token : eyJ0eXAiOiJKV1QiLCJyZWdEYXRlIjoxNjY4OTUwOTQ0NDgxLCJhbGciOiJIUzI1NiJ9.eyJleHAiOjE2Njg5NTA5NzQsInN1YiI6InJlZnJlc2gtdG9rZW4iLCJ1c2VyaWQiOiJzc2FmeSJ9.UJJVwMnfwzdW6oTSCaJX533tNzfTanYt6-gRhdb7_go, memberDto : com.ssafy.vue.model.MemberDto@5cd86d02
[2m2022-11-20 23:33:05.270[0;39m [31mERROR[0;39m [35m16068[0;39m [2m---[0;39m [2m[nio-9999-exec-4][0;39m [36mc.s.vue.model.service.JwtServiceImpl    [0;39m [2m:[0;39m JWT expired at 2022-11-20T22:29:34Z. Current time: 2022-11-20T23:33:05Z, a difference of 3811269 milliseconds.  Allowed clock skew: 0 milliseconds.
[2m2022-11-20 23:33:05.270[0;39m [32mDEBUG[0;39m [35m16068[0;39m [2m---[0;39m [2m[nio-9999-exec-4][0;39m [36mc.ssafy.vue.controller.MemberController [0;39m [2m:[0;39m 리프레쉬토큰도 사용불!!!!!!!
[2m2022-11-20 23:33:07.001[0;39m [31mERROR[0;39m [35m16068[0;39m [2m---[0;39m [2m[nio-9999-exec-7][0;39m [36mc.s.vue.model.service.JwtServiceImpl    [0;39m [2m:[0;39m JWT expired at 2022-11-20T22:29:35Z. Current time: 2022-11-20T23:33:07Z, a difference of 3812000 milliseconds.  Allowed clock skew: 0 milliseconds.
[2m2022-11-20 23:33:07.001[0;39m [31mERROR[0;39m [35m16068[0;39m [2m---[0;39m [2m[nio-9999-exec-7][0;39m [36mc.ssafy.vue.controller.MemberController [0;39m [2m:[0;39m 사용 불가능 토큰!!!
[2m2022-11-20 23:33:07.019[0;39m [32mDEBUG[0;39m [35m16068[0;39m [2m---[0;39m [2m[nio-9999-exec-8][0;39m [36mc.ssafy.vue.controller.MemberController [0;39m [2m:[0;39m token : eyJ0eXAiOiJKV1QiLCJyZWdEYXRlIjoxNjY4OTUwOTQ0NDgxLCJhbGciOiJIUzI1NiJ9.eyJleHAiOjE2Njg5NTA5NzQsInN1YiI6InJlZnJlc2gtdG9rZW4iLCJ1c2VyaWQiOiJzc2FmeSJ9.UJJVwMnfwzdW6oTSCaJX533tNzfTanYt6-gRhdb7_go, memberDto : com.ssafy.vue.model.MemberDto@584390b3
[2m2022-11-20 23:33:07.032[0;39m [31mERROR[0;39m [35m16068[0;39m [2m---[0;39m [2m[nio-9999-exec-8][0;39m [36mc.s.vue.model.service.JwtServiceImpl    [0;39m [2m:[0;39m JWT expired at 2022-11-20T22:29:34Z. Current time: 2022-11-20T23:33:07Z, a difference of 3813032 milliseconds.  Allowed clock skew: 0 milliseconds.
[2m2022-11-20 23:33:07.032[0;39m [32mDEBUG[0;39m [35m16068[0;39m [2m---[0;39m [2m[nio-9999-exec-8][0;39m [36mc.ssafy.vue.controller.MemberController [0;39m [2m:[0;39m 리프레쉬토큰도 사용불!!!!!!!
[2m2022-11-20 23:33:16.303[0;39m [32mDEBUG[0;39m [35m16068[0;39m [2m---[0;39m [2m[nio-9999-exec-3][0;39m [36mc.ssafy.vue.controller.MemberController [0;39m [2m:[0;39m 로그인 accessToken 정보 : eyJ0eXAiOiJKV1QiLCJyZWdEYXRlIjoxNjY4OTU0Nzk2Mjg2LCJhbGciOiJIUzI1NiJ9.eyJleHAiOjE2Njg5NTQ4MDYsInN1YiI6ImFjY2Vzcy10b2tlbiIsInVzZXJpZCI6InNzYWZ5In0.gfqaGhHgJH6cF75Vhn0ie-kC1MftobmRvbHuBmrdeZk
[2m2022-11-20 23:33:16.304[0;39m [32mDEBUG[0;39m [35m16068[0;39m [2m---[0;39m [2m[nio-9999-exec-3][0;39m [36mc.ssafy.vue.controller.MemberController [0;39m [2m:[0;39m 로그인 refreshToken 정보 : eyJ0eXAiOiJKV1QiLCJyZWdEYXRlIjoxNjY4OTU0Nzk2Mjg3LCJhbGciOiJIUzI1NiJ9.eyJleHAiOjE2Njg5NTQ4MjYsInN1YiI6InJlZnJlc2gtdG9rZW4iLCJ1c2VyaWQiOiJzc2FmeSJ9.6qTb88A0Q9uGOse9lr421ZjJdXcQSZc8nMa0CbWOU1Y
[2m2022-11-20 23:33:16.321[0;39m [32m INFO[0;39m [35m16068[0;39m [2m---[0;39m [2m[nio-9999-exec-4][0;39m [36mc.ssafy.vue.controller.MemberController [0;39m [2m:[0;39m 사용 가능한 토큰!!!
[2m2022-11-20 23:33:19.751[0;39m [32m INFO[0;39m [35m16068[0;39m [2m---[0;39m [2m[nio-9999-exec-5][0;39m [36mc.ssafy.vue.controller.BoardController  [0;39m [2m:[0;39m listArticle - 호출
[2m2022-11-20 23:33:21.803[0;39m [32m INFO[0;39m [35m16068[0;39m [2m---[0;39m [2m[nio-9999-exec-7][0;39m [36mc.ssafy.vue.controller.MemberController [0;39m [2m:[0;39m 사용 가능한 토큰!!!
[2m2022-11-20 23:58:09.518[0;39m [32m INFO[0;39m [35m16068[0;39m [2m---[0;39m [2m[nio-9999-exec-6][0;39m [36mc.ssafy.vue.controller.BoardController  [0;39m [2m:[0;39m listArticle - 호출
